
AVRASM ver. 2.1.30  E:\projectsss\3\part2\Debug\List\2.asm Thu Jun 24 23:36:48 2021

E:\projectsss\3\part2\Debug\List\2.asm(1088): warning: Register r4 already defined by the .DEF directive
E:\projectsss\3\part2\Debug\List\2.asm(1089): warning: Register r5 already defined by the .DEF directive
E:\projectsss\3\part2\Debug\List\2.asm(1090): warning: Register r7 already defined by the .DEF directive
E:\projectsss\3\part2\Debug\List\2.asm(1091): warning: Register r6 already defined by the .DEF directive
E:\projectsss\3\part2\Debug\List\2.asm(1092): warning: Register r9 already defined by the .DEF directive
                 
                 
                 ;CodeVisionAVR C Compiler V3.12 Advanced
                 ;(C) Copyright 1998-2014 Pavel Haiduc, HP InfoTech s.r.l.
                 ;http://www.hpinfotech.com
                 
                 ;Build configuration    : Debug
                 ;Chip type              : ATmega16
                 ;Program type           : Application
                 ;Clock frequency        : 0/500000 MHz
                 ;Memory model           : Small
                 ;Optimize for           : Size
                 ;(s)printf features     : int, width
                 ;(s)scanf features      : int, width
                 ;External RAM size      : 0
                 ;Data Stack size        : 256 byte(s)
                 ;Heap size              : 0 byte(s)
                 ;Promote 'char' to 'int': Yes
                 ;'char' is unsigned     : Yes
                 ;8 bit enums            : Yes
                 ;Global 'const' stored in FLASH: Yes
                 ;Enhanced function parameter passing: Yes
                 ;Enhanced core instructions: On
                 ;Automatic register allocation for global variables: On
                 ;Smart register allocation: On
                 
                 	#define _MODEL_SMALL_
                 
                 	#pragma AVRPART ADMIN PART_NAME ATmega16
                 	#pragma AVRPART MEMORY PROG_FLASH 16384
                 	#pragma AVRPART MEMORY EEPROM 512
                 	#pragma AVRPART MEMORY INT_SRAM SIZE 1024
                 	#pragma AVRPART MEMORY INT_SRAM START_ADDR 0x60
                 
                 	#define CALL_SUPPORTED 1
                 
                 	.LISTMAC
                 	.EQU UDRE=0x5
                 	.EQU RXC=0x7
                 	.EQU USR=0xB
                 	.EQU UDR=0xC
                 	.EQU SPSR=0xE
                 	.EQU SPDR=0xF
                 	.EQU EERE=0x0
                 	.EQU EEWE=0x1
                 	.EQU EEMWE=0x2
                 	.EQU EECR=0x1C
                 	.EQU EEDR=0x1D
                 	.EQU EEARL=0x1E
                 	.EQU EEARH=0x1F
                 	.EQU WDTCR=0x21
                 	.EQU MCUCR=0x35
                 	.EQU GICR=0x3B
                 	.EQU SPL=0x3D
                 	.EQU SPH=0x3E
                 	.EQU SREG=0x3F
                 
                 	.DEF R0X0=R0
                 	.DEF R0X1=R1
                 	.DEF R0X2=R2
                 	.DEF R0X3=R3
                 	.DEF R0X4=R4
                 	.DEF R0X5=R5
                 	.DEF R0X6=R6
                 	.DEF R0X7=R7
                 	.DEF R0X8=R8
                 	.DEF R0X9=R9
                 	.DEF R0XA=R10
                 	.DEF R0XB=R11
                 	.DEF R0XC=R12
                 	.DEF R0XD=R13
                 	.DEF R0XE=R14
                 	.DEF R0XF=R15
                 	.DEF R0X10=R16
                 	.DEF R0X11=R17
                 	.DEF R0X12=R18
                 	.DEF R0X13=R19
                 	.DEF R0X14=R20
                 	.DEF R0X15=R21
                 	.DEF R0X16=R22
                 	.DEF R0X17=R23
                 	.DEF R0X18=R24
                 	.DEF R0X19=R25
                 	.DEF R0X1A=R26
                 	.DEF R0X1B=R27
                 	.DEF R0X1C=R28
                 	.DEF R0X1D=R29
                 	.DEF R0X1E=R30
                 	.DEF R0X1F=R31
                 
                 	.EQU __SRAM_START=0x0060
                 	.EQU __SRAM_END=0x045F
                 	.EQU __DSTACK_SIZE=0x0100
                 	.EQU __HEAP_SIZE=0x0000
                 	.EQU __CLEAR_SRAM_SIZE=__SRAM_END-__SRAM_START+1
                 
                 	.MACRO __CPD1N
                 	CPI  R30,LOW(@0)
                 	LDI  R26,HIGH(@0)
                 	CPC  R31,R26
                 	LDI  R26,BYTE3(@0)
                 	CPC  R22,R26
                 	LDI  R26,BYTE4(@0)
                 	CPC  R23,R26
                 	.ENDM
                 
                 	.MACRO __CPD2N
                 	CPI  R26,LOW(@0)
                 	LDI  R30,HIGH(@0)
                 	CPC  R27,R30
                 	LDI  R30,BYTE3(@0)
                 	CPC  R24,R30
                 	LDI  R30,BYTE4(@0)
                 	CPC  R25,R30
                 	.ENDM
                 
                 	.MACRO __CPWRR
                 	CP   R@0,R@2
                 	CPC  R@1,R@3
                 	.ENDM
                 
                 	.MACRO __CPWRN
                 	CPI  R@0,LOW(@2)
                 	LDI  R30,HIGH(@2)
                 	CPC  R@1,R30
                 	.ENDM
                 
                 	.MACRO __ADDB1MN
                 	SUBI R30,LOW(-@0-(@1))
                 	.ENDM
                 
                 	.MACRO __ADDB2MN
                 	SUBI R26,LOW(-@0-(@1))
                 	.ENDM
                 
                 	.MACRO __ADDW1MN
                 	SUBI R30,LOW(-@0-(@1))
                 	SBCI R31,HIGH(-@0-(@1))
                 	.ENDM
                 
                 	.MACRO __ADDW2MN
                 	SUBI R26,LOW(-@0-(@1))
                 	SBCI R27,HIGH(-@0-(@1))
                 	.ENDM
                 
                 	.MACRO __ADDW1FN
                 	SUBI R30,LOW(-2*@0-(@1))
                 	SBCI R31,HIGH(-2*@0-(@1))
                 	.ENDM
                 
                 	.MACRO __ADDD1FN
                 	SUBI R30,LOW(-2*@0-(@1))
                 	SBCI R31,HIGH(-2*@0-(@1))
                 	SBCI R22,BYTE3(-2*@0-(@1))
                 	.ENDM
                 
                 	.MACRO __ADDD1N
                 	SUBI R30,LOW(-@0)
                 	SBCI R31,HIGH(-@0)
                 	SBCI R22,BYTE3(-@0)
                 	SBCI R23,BYTE4(-@0)
                 	.ENDM
                 
                 	.MACRO __ADDD2N
                 	SUBI R26,LOW(-@0)
                 	SBCI R27,HIGH(-@0)
                 	SBCI R24,BYTE3(-@0)
                 	SBCI R25,BYTE4(-@0)
                 	.ENDM
                 
                 	.MACRO __SUBD1N
                 	SUBI R30,LOW(@0)
                 	SBCI R31,HIGH(@0)
                 	SBCI R22,BYTE3(@0)
                 	SBCI R23,BYTE4(@0)
                 	.ENDM
                 
                 	.MACRO __SUBD2N
                 	SUBI R26,LOW(@0)
                 	SBCI R27,HIGH(@0)
                 	SBCI R24,BYTE3(@0)
                 	SBCI R25,BYTE4(@0)
                 	.ENDM
                 
                 	.MACRO __ANDBMNN
                 	LDS  R30,@0+(@1)
                 	ANDI R30,LOW(@2)
                 	STS  @0+(@1),R30
                 	.ENDM
                 
                 	.MACRO __ANDWMNN
                 	LDS  R30,@0+(@1)
                 	ANDI R30,LOW(@2)
                 	STS  @0+(@1),R30
                 	LDS  R30,@0+(@1)+1
                 	ANDI R30,HIGH(@2)
                 	STS  @0+(@1)+1,R30
                 	.ENDM
                 
                 	.MACRO __ANDD1N
                 	ANDI R30,LOW(@0)
                 	ANDI R31,HIGH(@0)
                 	ANDI R22,BYTE3(@0)
                 	ANDI R23,BYTE4(@0)
                 	.ENDM
                 
                 	.MACRO __ANDD2N
                 	ANDI R26,LOW(@0)
                 	ANDI R27,HIGH(@0)
                 	ANDI R24,BYTE3(@0)
                 	ANDI R25,BYTE4(@0)
                 	.ENDM
                 
                 	.MACRO __ORBMNN
                 	LDS  R30,@0+(@1)
                 	ORI  R30,LOW(@2)
                 	STS  @0+(@1),R30
                 	.ENDM
                 
                 	.MACRO __ORWMNN
                 	LDS  R30,@0+(@1)
                 	ORI  R30,LOW(@2)
                 	STS  @0+(@1),R30
                 	LDS  R30,@0+(@1)+1
                 	ORI  R30,HIGH(@2)
                 	STS  @0+(@1)+1,R30
                 	.ENDM
                 
                 	.MACRO __ORD1N
                 	ORI  R30,LOW(@0)
                 	ORI  R31,HIGH(@0)
                 	ORI  R22,BYTE3(@0)
                 	ORI  R23,BYTE4(@0)
                 	.ENDM
                 
                 	.MACRO __ORD2N
                 	ORI  R26,LOW(@0)
                 	ORI  R27,HIGH(@0)
                 	ORI  R24,BYTE3(@0)
                 	ORI  R25,BYTE4(@0)
                 	.ENDM
                 
                 	.MACRO __DELAY_USB
                 	LDI  R24,LOW(@0)
                 __DELAY_USB_LOOP:
                 	DEC  R24
                 	BRNE __DELAY_USB_LOOP
                 	.ENDM
                 
                 	.MACRO __DELAY_USW
                 	LDI  R24,LOW(@0)
                 	LDI  R25,HIGH(@0)
                 __DELAY_USW_LOOP:
                 	SBIW R24,1
                 	BRNE __DELAY_USW_LOOP
                 	.ENDM
                 
                 	.MACRO __GETD1S
                 	LDD  R30,Y+@0
                 	LDD  R31,Y+@0+1
                 	LDD  R22,Y+@0+2
                 	LDD  R23,Y+@0+3
                 	.ENDM
                 
                 	.MACRO __GETD2S
                 	LDD  R26,Y+@0
                 	LDD  R27,Y+@0+1
                 	LDD  R24,Y+@0+2
                 	LDD  R25,Y+@0+3
                 	.ENDM
                 
                 	.MACRO __PUTD1S
                 	STD  Y+@0,R30
                 	STD  Y+@0+1,R31
                 	STD  Y+@0+2,R22
                 	STD  Y+@0+3,R23
                 	.ENDM
                 
                 	.MACRO __PUTD2S
                 	STD  Y+@0,R26
                 	STD  Y+@0+1,R27
                 	STD  Y+@0+2,R24
                 	STD  Y+@0+3,R25
                 	.ENDM
                 
                 	.MACRO __PUTDZ2
                 	STD  Z+@0,R26
                 	STD  Z+@0+1,R27
                 	STD  Z+@0+2,R24
                 	STD  Z+@0+3,R25
                 	.ENDM
                 
                 	.MACRO __CLRD1S
                 	STD  Y+@0,R30
                 	STD  Y+@0+1,R30
                 	STD  Y+@0+2,R30
                 	STD  Y+@0+3,R30
                 	.ENDM
                 
                 	.MACRO __POINTB1MN
                 	LDI  R30,LOW(@0+(@1))
                 	.ENDM
                 
                 	.MACRO __POINTW1MN
                 	LDI  R30,LOW(@0+(@1))
                 	LDI  R31,HIGH(@0+(@1))
                 	.ENDM
                 
                 	.MACRO __POINTD1M
                 	LDI  R30,LOW(@0)
                 	LDI  R31,HIGH(@0)
                 	LDI  R22,BYTE3(@0)
                 	LDI  R23,BYTE4(@0)
                 	.ENDM
                 
                 	.MACRO __POINTW1FN
                 	LDI  R30,LOW(2*@0+(@1))
                 	LDI  R31,HIGH(2*@0+(@1))
                 	.ENDM
                 
                 	.MACRO __POINTD1FN
                 	LDI  R30,LOW(2*@0+(@1))
                 	LDI  R31,HIGH(2*@0+(@1))
                 	LDI  R22,BYTE3(2*@0+(@1))
                 	LDI  R23,BYTE4(2*@0+(@1))
                 	.ENDM
                 
                 	.MACRO __POINTB2MN
                 	LDI  R26,LOW(@0+(@1))
                 	.ENDM
                 
                 	.MACRO __POINTW2MN
                 	LDI  R26,LOW(@0+(@1))
                 	LDI  R27,HIGH(@0+(@1))
                 	.ENDM
                 
                 	.MACRO __POINTW2FN
                 	LDI  R26,LOW(2*@0+(@1))
                 	LDI  R27,HIGH(2*@0+(@1))
                 	.ENDM
                 
                 	.MACRO __POINTD2FN
                 	LDI  R26,LOW(2*@0+(@1))
                 	LDI  R27,HIGH(2*@0+(@1))
                 	LDI  R24,BYTE3(2*@0+(@1))
                 	LDI  R25,BYTE4(2*@0+(@1))
                 	.ENDM
                 
                 	.MACRO __POINTBRM
                 	LDI  R@0,LOW(@1)
                 	.ENDM
                 
                 	.MACRO __POINTWRM
                 	LDI  R@0,LOW(@2)
                 	LDI  R@1,HIGH(@2)
                 	.ENDM
                 
                 	.MACRO __POINTBRMN
                 	LDI  R@0,LOW(@1+(@2))
                 	.ENDM
                 
                 	.MACRO __POINTWRMN
                 	LDI  R@0,LOW(@2+(@3))
                 	LDI  R@1,HIGH(@2+(@3))
                 	.ENDM
                 
                 	.MACRO __POINTWRFN
                 	LDI  R@0,LOW(@2*2+(@3))
                 	LDI  R@1,HIGH(@2*2+(@3))
                 	.ENDM
                 
                 	.MACRO __GETD1N
                 	LDI  R30,LOW(@0)
                 	LDI  R31,HIGH(@0)
                 	LDI  R22,BYTE3(@0)
                 	LDI  R23,BYTE4(@0)
                 	.ENDM
                 
                 	.MACRO __GETD2N
                 	LDI  R26,LOW(@0)
                 	LDI  R27,HIGH(@0)
                 	LDI  R24,BYTE3(@0)
                 	LDI  R25,BYTE4(@0)
                 	.ENDM
                 
                 	.MACRO __GETB1MN
                 	LDS  R30,@0+(@1)
                 	.ENDM
                 
                 	.MACRO __GETB1HMN
                 	LDS  R31,@0+(@1)
                 	.ENDM
                 
                 	.MACRO __GETW1MN
                 	LDS  R30,@0+(@1)
                 	LDS  R31,@0+(@1)+1
                 	.ENDM
                 
                 	.MACRO __GETD1MN
                 	LDS  R30,@0+(@1)
                 	LDS  R31,@0+(@1)+1
                 	LDS  R22,@0+(@1)+2
                 	LDS  R23,@0+(@1)+3
                 	.ENDM
                 
                 	.MACRO __GETBRMN
                 	LDS  R@0,@1+(@2)
                 	.ENDM
                 
                 	.MACRO __GETWRMN
                 	LDS  R@0,@2+(@3)
                 	LDS  R@1,@2+(@3)+1
                 	.ENDM
                 
                 	.MACRO __GETWRZ
                 	LDD  R@0,Z+@2
                 	LDD  R@1,Z+@2+1
                 	.ENDM
                 
                 	.MACRO __GETD2Z
                 	LDD  R26,Z+@0
                 	LDD  R27,Z+@0+1
                 	LDD  R24,Z+@0+2
                 	LDD  R25,Z+@0+3
                 	.ENDM
                 
                 	.MACRO __GETB2MN
                 	LDS  R26,@0+(@1)
                 	.ENDM
                 
                 	.MACRO __GETW2MN
                 	LDS  R26,@0+(@1)
                 	LDS  R27,@0+(@1)+1
                 	.ENDM
                 
                 	.MACRO __GETD2MN
                 	LDS  R26,@0+(@1)
                 	LDS  R27,@0+(@1)+1
                 	LDS  R24,@0+(@1)+2
                 	LDS  R25,@0+(@1)+3
                 	.ENDM
                 
                 	.MACRO __PUTB1MN
                 	STS  @0+(@1),R30
                 	.ENDM
                 
                 	.MACRO __PUTW1MN
                 	STS  @0+(@1),R30
                 	STS  @0+(@1)+1,R31
                 	.ENDM
                 
                 	.MACRO __PUTD1MN
                 	STS  @0+(@1),R30
                 	STS  @0+(@1)+1,R31
                 	STS  @0+(@1)+2,R22
                 	STS  @0+(@1)+3,R23
                 	.ENDM
                 
                 	.MACRO __PUTB1EN
                 	LDI  R26,LOW(@0+(@1))
                 	LDI  R27,HIGH(@0+(@1))
                 	CALL __EEPROMWRB
                 	.ENDM
                 
                 	.MACRO __PUTW1EN
                 	LDI  R26,LOW(@0+(@1))
                 	LDI  R27,HIGH(@0+(@1))
                 	CALL __EEPROMWRW
                 	.ENDM
                 
                 	.MACRO __PUTD1EN
                 	LDI  R26,LOW(@0+(@1))
                 	LDI  R27,HIGH(@0+(@1))
                 	CALL __EEPROMWRD
                 	.ENDM
                 
                 	.MACRO __PUTBR0MN
                 	STS  @0+(@1),R0
                 	.ENDM
                 
                 	.MACRO __PUTBMRN
                 	STS  @0+(@1),R@2
                 	.ENDM
                 
                 	.MACRO __PUTWMRN
                 	STS  @0+(@1),R@2
                 	STS  @0+(@1)+1,R@3
                 	.ENDM
                 
                 	.MACRO __PUTBZR
                 	STD  Z+@1,R@0
                 	.ENDM
                 
                 	.MACRO __PUTWZR
                 	STD  Z+@2,R@0
                 	STD  Z+@2+1,R@1
                 	.ENDM
                 
                 	.MACRO __GETW1R
                 	MOV  R30,R@0
                 	MOV  R31,R@1
                 	.ENDM
                 
                 	.MACRO __GETW2R
                 	MOV  R26,R@0
                 	MOV  R27,R@1
                 	.ENDM
                 
                 	.MACRO __GETWRN
                 	LDI  R@0,LOW(@2)
                 	LDI  R@1,HIGH(@2)
                 	.ENDM
                 
                 	.MACRO __PUTW1R
                 	MOV  R@0,R30
                 	MOV  R@1,R31
                 	.ENDM
                 
                 	.MACRO __PUTW2R
                 	MOV  R@0,R26
                 	MOV  R@1,R27
                 	.ENDM
                 
                 	.MACRO __ADDWRN
                 	SUBI R@0,LOW(-@2)
                 	SBCI R@1,HIGH(-@2)
                 	.ENDM
                 
                 	.MACRO __ADDWRR
                 	ADD  R@0,R@2
                 	ADC  R@1,R@3
                 	.ENDM
                 
                 	.MACRO __SUBWRN
                 	SUBI R@0,LOW(@2)
                 	SBCI R@1,HIGH(@2)
                 	.ENDM
                 
                 	.MACRO __SUBWRR
                 	SUB  R@0,R@2
                 	SBC  R@1,R@3
                 	.ENDM
                 
                 	.MACRO __ANDWRN
                 	ANDI R@0,LOW(@2)
                 	ANDI R@1,HIGH(@2)
                 	.ENDM
                 
                 	.MACRO __ANDWRR
                 	AND  R@0,R@2
                 	AND  R@1,R@3
                 	.ENDM
                 
                 	.MACRO __ORWRN
                 	ORI  R@0,LOW(@2)
                 	ORI  R@1,HIGH(@2)
                 	.ENDM
                 
                 	.MACRO __ORWRR
                 	OR   R@0,R@2
                 	OR   R@1,R@3
                 	.ENDM
                 
                 	.MACRO __EORWRR
                 	EOR  R@0,R@2
                 	EOR  R@1,R@3
                 	.ENDM
                 
                 	.MACRO __GETWRS
                 	LDD  R@0,Y+@2
                 	LDD  R@1,Y+@2+1
                 	.ENDM
                 
                 	.MACRO __PUTBSR
                 	STD  Y+@1,R@0
                 	.ENDM
                 
                 	.MACRO __PUTWSR
                 	STD  Y+@2,R@0
                 	STD  Y+@2+1,R@1
                 	.ENDM
                 
                 	.MACRO __MOVEWRR
                 	MOV  R@0,R@2
                 	MOV  R@1,R@3
                 	.ENDM
                 
                 	.MACRO __INWR
                 	IN   R@0,@2
                 	IN   R@1,@2+1
                 	.ENDM
                 
                 	.MACRO __OUTWR
                 	OUT  @2+1,R@1
                 	OUT  @2,R@0
                 	.ENDM
                 
                 	.MACRO __CALL1MN
                 	LDS  R30,@0+(@1)
                 	LDS  R31,@0+(@1)+1
                 	ICALL
                 	.ENDM
                 
                 	.MACRO __CALL1FN
                 	LDI  R30,LOW(2*@0+(@1))
                 	LDI  R31,HIGH(2*@0+(@1))
                 	CALL __GETW1PF
                 	ICALL
                 	.ENDM
                 
                 	.MACRO __CALL2EN
                 	PUSH R26
                 	PUSH R27
                 	LDI  R26,LOW(@0+(@1))
                 	LDI  R27,HIGH(@0+(@1))
                 	CALL __EEPROMRDW
                 	POP  R27
                 	POP  R26
                 	ICALL
                 	.ENDM
                 
                 	.MACRO __CALL2EX
                 	SUBI R26,LOW(-@0)
                 	SBCI R27,HIGH(-@0)
                 	CALL __EEPROMRDD
                 	ICALL
                 	.ENDM
                 
                 	.MACRO __GETW1STACK
                 	IN   R30,SPL
                 	IN   R31,SPH
                 	ADIW R30,@0+1
                 	LD   R0,Z+
                 	LD   R31,Z
                 	MOV  R30,R0
                 	.ENDM
                 
                 	.MACRO __GETD1STACK
                 	IN   R30,SPL
                 	IN   R31,SPH
                 	ADIW R30,@0+1
                 	LD   R0,Z+
                 	LD   R1,Z+
                 	LD   R22,Z
                 	MOVW R30,R0
                 	.ENDM
                 
                 	.MACRO __NBST
                 	BST  R@0,@1
                 	IN   R30,SREG
                 	LDI  R31,0x40
                 	EOR  R30,R31
                 	OUT  SREG,R30
                 	.ENDM
                 
                 
                 	.MACRO __PUTB1SN
                 	LDD  R26,Y+@0
                 	LDD  R27,Y+@0+1
                 	SUBI R26,LOW(-@1)
                 	SBCI R27,HIGH(-@1)
                 	ST   X,R30
                 	.ENDM
                 
                 	.MACRO __PUTW1SN
                 	LDD  R26,Y+@0
                 	LDD  R27,Y+@0+1
                 	SUBI R26,LOW(-@1)
                 	SBCI R27,HIGH(-@1)
                 	ST   X+,R30
                 	ST   X,R31
                 	.ENDM
                 
                 	.MACRO __PUTD1SN
                 	LDD  R26,Y+@0
                 	LDD  R27,Y+@0+1
                 	SUBI R26,LOW(-@1)
                 	SBCI R27,HIGH(-@1)
                 	CALL __PUTDP1
                 	.ENDM
                 
                 	.MACRO __PUTB1SNS
                 	LDD  R26,Y+@0
                 	LDD  R27,Y+@0+1
                 	ADIW R26,@1
                 	ST   X,R30
                 	.ENDM
                 
                 	.MACRO __PUTW1SNS
                 	LDD  R26,Y+@0
                 	LDD  R27,Y+@0+1
                 	ADIW R26,@1
                 	ST   X+,R30
                 	ST   X,R31
                 	.ENDM
                 
                 	.MACRO __PUTD1SNS
                 	LDD  R26,Y+@0
                 	LDD  R27,Y+@0+1
                 	ADIW R26,@1
                 	CALL __PUTDP1
                 	.ENDM
                 
                 	.MACRO __PUTB1PMN
                 	LDS  R26,@0
                 	LDS  R27,@0+1
                 	SUBI R26,LOW(-@1)
                 	SBCI R27,HIGH(-@1)
                 	ST   X,R30
                 	.ENDM
                 
                 	.MACRO __PUTW1PMN
                 	LDS  R26,@0
                 	LDS  R27,@0+1
                 	SUBI R26,LOW(-@1)
                 	SBCI R27,HIGH(-@1)
                 	ST   X+,R30
                 	ST   X,R31
                 	.ENDM
                 
                 	.MACRO __PUTD1PMN
                 	LDS  R26,@0
                 	LDS  R27,@0+1
                 	SUBI R26,LOW(-@1)
                 	SBCI R27,HIGH(-@1)
                 	CALL __PUTDP1
                 	.ENDM
                 
                 	.MACRO __PUTB1PMNS
                 	LDS  R26,@0
                 	LDS  R27,@0+1
                 	ADIW R26,@1
                 	ST   X,R30
                 	.ENDM
                 
                 	.MACRO __PUTW1PMNS
                 	LDS  R26,@0
                 	LDS  R27,@0+1
                 	ADIW R26,@1
                 	ST   X+,R30
                 	ST   X,R31
                 	.ENDM
                 
                 	.MACRO __PUTD1PMNS
                 	LDS  R26,@0
                 	LDS  R27,@0+1
                 	ADIW R26,@1
                 	CALL __PUTDP1
                 	.ENDM
                 
                 	.MACRO __PUTB1RN
                 	MOVW R26,R@0
                 	SUBI R26,LOW(-@1)
                 	SBCI R27,HIGH(-@1)
                 	ST   X,R30
                 	.ENDM
                 
                 	.MACRO __PUTW1RN
                 	MOVW R26,R@0
                 	SUBI R26,LOW(-@1)
                 	SBCI R27,HIGH(-@1)
                 	ST   X+,R30
                 	ST   X,R31
                 	.ENDM
                 
                 	.MACRO __PUTD1RN
                 	MOVW R26,R@0
                 	SUBI R26,LOW(-@1)
                 	SBCI R27,HIGH(-@1)
                 	CALL __PUTDP1
                 	.ENDM
                 
                 	.MACRO __PUTB1RNS
                 	MOVW R26,R@0
                 	ADIW R26,@1
                 	ST   X,R30
                 	.ENDM
                 
                 	.MACRO __PUTW1RNS
                 	MOVW R26,R@0
                 	ADIW R26,@1
                 	ST   X+,R30
                 	ST   X,R31
                 	.ENDM
                 
                 	.MACRO __PUTD1RNS
                 	MOVW R26,R@0
                 	ADIW R26,@1
                 	CALL __PUTDP1
                 	.ENDM
                 
                 	.MACRO __PUTB1RON
                 	MOV  R26,R@0
                 	MOV  R27,R@1
                 	SUBI R26,LOW(-@2)
                 	SBCI R27,HIGH(-@2)
                 	ST   X,R30
                 	.ENDM
                 
                 	.MACRO __PUTW1RON
                 	MOV  R26,R@0
                 	MOV  R27,R@1
                 	SUBI R26,LOW(-@2)
                 	SBCI R27,HIGH(-@2)
                 	ST   X+,R30
                 	ST   X,R31
                 	.ENDM
                 
                 	.MACRO __PUTD1RON
                 	MOV  R26,R@0
                 	MOV  R27,R@1
                 	SUBI R26,LOW(-@2)
                 	SBCI R27,HIGH(-@2)
                 	CALL __PUTDP1
                 	.ENDM
                 
                 	.MACRO __PUTB1RONS
                 	MOV  R26,R@0
                 	MOV  R27,R@1
                 	ADIW R26,@2
                 	ST   X,R30
                 	.ENDM
                 
                 	.MACRO __PUTW1RONS
                 	MOV  R26,R@0
                 	MOV  R27,R@1
                 	ADIW R26,@2
                 	ST   X+,R30
                 	ST   X,R31
                 	.ENDM
                 
                 	.MACRO __PUTD1RONS
                 	MOV  R26,R@0
                 	MOV  R27,R@1
                 	ADIW R26,@2
                 	CALL __PUTDP1
                 	.ENDM
                 
                 
                 	.MACRO __GETB1SX
                 	MOVW R30,R28
                 	SUBI R30,LOW(-@0)
                 	SBCI R31,HIGH(-@0)
                 	LD   R30,Z
                 	.ENDM
                 
                 	.MACRO __GETB1HSX
                 	MOVW R30,R28
                 	SUBI R30,LOW(-@0)
                 	SBCI R31,HIGH(-@0)
                 	LD   R31,Z
                 	.ENDM
                 
                 	.MACRO __GETW1SX
                 	MOVW R30,R28
                 	SUBI R30,LOW(-@0)
                 	SBCI R31,HIGH(-@0)
                 	LD   R0,Z+
                 	LD   R31,Z
                 	MOV  R30,R0
                 	.ENDM
                 
                 	.MACRO __GETD1SX
                 	MOVW R30,R28
                 	SUBI R30,LOW(-@0)
                 	SBCI R31,HIGH(-@0)
                 	LD   R0,Z+
                 	LD   R1,Z+
                 	LD   R22,Z+
                 	LD   R23,Z
                 	MOVW R30,R0
                 	.ENDM
                 
                 	.MACRO __GETB2SX
                 	MOVW R26,R28
                 	SUBI R26,LOW(-@0)
                 	SBCI R27,HIGH(-@0)
                 	LD   R26,X
                 	.ENDM
                 
                 	.MACRO __GETW2SX
                 	MOVW R26,R28
                 	SUBI R26,LOW(-@0)
                 	SBCI R27,HIGH(-@0)
                 	LD   R0,X+
                 	LD   R27,X
                 	MOV  R26,R0
                 	.ENDM
                 
                 	.MACRO __GETD2SX
                 	MOVW R26,R28
                 	SUBI R26,LOW(-@0)
                 	SBCI R27,HIGH(-@0)
                 	LD   R0,X+
                 	LD   R1,X+
                 	LD   R24,X+
                 	LD   R25,X
                 	MOVW R26,R0
                 	.ENDM
                 
                 	.MACRO __GETBRSX
                 	MOVW R30,R28
                 	SUBI R30,LOW(-@1)
                 	SBCI R31,HIGH(-@1)
                 	LD   R@0,Z
                 	.ENDM
                 
                 	.MACRO __GETWRSX
                 	MOVW R30,R28
                 	SUBI R30,LOW(-@2)
                 	SBCI R31,HIGH(-@2)
                 	LD   R@0,Z+
                 	LD   R@1,Z
                 	.ENDM
                 
                 	.MACRO __GETBRSX2
                 	MOVW R26,R28
                 	SUBI R26,LOW(-@1)
                 	SBCI R27,HIGH(-@1)
                 	LD   R@0,X
                 	.ENDM
                 
                 	.MACRO __GETWRSX2
                 	MOVW R26,R28
                 	SUBI R26,LOW(-@2)
                 	SBCI R27,HIGH(-@2)
                 	LD   R@0,X+
                 	LD   R@1,X
                 	.ENDM
                 
                 	.MACRO __LSLW8SX
                 	MOVW R30,R28
                 	SUBI R30,LOW(-@0)
                 	SBCI R31,HIGH(-@0)
                 	LD   R31,Z
                 	CLR  R30
                 	.ENDM
                 
                 	.MACRO __PUTB1SX
                 	MOVW R26,R28
                 	SUBI R26,LOW(-@0)
                 	SBCI R27,HIGH(-@0)
                 	ST   X,R30
                 	.ENDM
                 
                 	.MACRO __PUTW1SX
                 	MOVW R26,R28
                 	SUBI R26,LOW(-@0)
                 	SBCI R27,HIGH(-@0)
                 	ST   X+,R30
                 	ST   X,R31
                 	.ENDM
                 
                 	.MACRO __PUTD1SX
                 	MOVW R26,R28
                 	SUBI R26,LOW(-@0)
                 	SBCI R27,HIGH(-@0)
                 	ST   X+,R30
                 	ST   X+,R31
                 	ST   X+,R22
                 	ST   X,R23
                 	.ENDM
                 
                 	.MACRO __CLRW1SX
                 	MOVW R26,R28
                 	SUBI R26,LOW(-@0)
                 	SBCI R27,HIGH(-@0)
                 	ST   X+,R30
                 	ST   X,R30
                 	.ENDM
                 
                 	.MACRO __CLRD1SX
                 	MOVW R26,R28
                 	SUBI R26,LOW(-@0)
                 	SBCI R27,HIGH(-@0)
                 	ST   X+,R30
                 	ST   X+,R30
                 	ST   X+,R30
                 	ST   X,R30
                 	.ENDM
                 
                 	.MACRO __PUTB2SX
                 	MOVW R30,R28
                 	SUBI R30,LOW(-@0)
                 	SBCI R31,HIGH(-@0)
                 	ST   Z,R26
                 	.ENDM
                 
                 	.MACRO __PUTW2SX
                 	MOVW R30,R28
                 	SUBI R30,LOW(-@0)
                 	SBCI R31,HIGH(-@0)
                 	ST   Z+,R26
                 	ST   Z,R27
                 	.ENDM
                 
                 	.MACRO __PUTD2SX
                 	MOVW R30,R28
                 	SUBI R30,LOW(-@0)
                 	SBCI R31,HIGH(-@0)
                 	ST   Z+,R26
                 	ST   Z+,R27
                 	ST   Z+,R24
                 	ST   Z,R25
                 	.ENDM
                 
                 	.MACRO __PUTBSRX
                 	MOVW R30,R28
                 	SUBI R30,LOW(-@1)
                 	SBCI R31,HIGH(-@1)
                 	ST   Z,R@0
                 	.ENDM
                 
                 	.MACRO __PUTWSRX
                 	MOVW R30,R28
                 	SUBI R30,LOW(-@2)
                 	SBCI R31,HIGH(-@2)
                 	ST   Z+,R@0
                 	ST   Z,R@1
                 	.ENDM
                 
                 	.MACRO __PUTB1SNX
                 	MOVW R26,R28
                 	SUBI R26,LOW(-@0)
                 	SBCI R27,HIGH(-@0)
                 	LD   R0,X+
                 	LD   R27,X
                 	MOV  R26,R0
                 	SUBI R26,LOW(-@1)
                 	SBCI R27,HIGH(-@1)
                 	ST   X,R30
                 	.ENDM
                 
                 	.MACRO __PUTW1SNX
                 	MOVW R26,R28
                 	SUBI R26,LOW(-@0)
                 	SBCI R27,HIGH(-@0)
                 	LD   R0,X+
                 	LD   R27,X
                 	MOV  R26,R0
                 	SUBI R26,LOW(-@1)
                 	SBCI R27,HIGH(-@1)
                 	ST   X+,R30
                 	ST   X,R31
                 	.ENDM
                 
                 	.MACRO __PUTD1SNX
                 	MOVW R26,R28
                 	SUBI R26,LOW(-@0)
                 	SBCI R27,HIGH(-@0)
                 	LD   R0,X+
                 	LD   R27,X
                 	MOV  R26,R0
                 	SUBI R26,LOW(-@1)
                 	SBCI R27,HIGH(-@1)
                 	ST   X+,R30
                 	ST   X+,R31
                 	ST   X+,R22
                 	ST   X,R23
                 	.ENDM
                 
                 	.MACRO __MULBRR
                 	MULS R@0,R@1
                 	MOVW R30,R0
                 	.ENDM
                 
                 	.MACRO __MULBRRU
                 	MUL  R@0,R@1
                 	MOVW R30,R0
                 	.ENDM
                 
                 	.MACRO __MULBRR0
                 	MULS R@0,R@1
                 	.ENDM
                 
                 	.MACRO __MULBRRU0
                 	MUL  R@0,R@1
                 	.ENDM
                 
                 	.MACRO __MULBNWRU
                 	LDI  R26,@2
                 	MUL  R26,R@0
                 	MOVW R30,R0
                 	MUL  R26,R@1
                 	ADD  R31,R0
                 	.ENDM
                 
                 ;NAME DEFINITIONS FOR GLOBAL VARIABLES ALLOCATED TO REGISTERS
                 	.DEF _a=R4
                 	.DEF _a_msb=R5
                 	.DEF __lcd_x=R7
                 	.DEF __lcd_y=R6
                 	.DEF __lcd_maxx=R9
                 
                 	.CSEG
                 	.ORG 0x00
                 
                 ;START OF CODE MARKER
                 __START_OF_CODE:
                 
                 ;INTERRUPT VECTORS
000000 940c 0046 	JMP  __RESET
000002 940c 0000 	JMP  0x00
000004 940c 0000 	JMP  0x00
000006 940c 0000 	JMP  0x00
000008 940c 0000 	JMP  0x00
00000a 940c 0000 	JMP  0x00
00000c 940c 0000 	JMP  0x00
00000e 940c 0000 	JMP  0x00
000010 940c 0000 	JMP  0x00
000012 940c 0000 	JMP  0x00
000014 940c 0000 	JMP  0x00
000016 940c 0000 	JMP  0x00
000018 940c 0000 	JMP  0x00
00001a 940c 0000 	JMP  0x00
00001c 940c 0000 	JMP  0x00
00001e 940c 0000 	JMP  0x00
000020 940c 0000 	JMP  0x00
000022 940c 0000 	JMP  0x00
000024 940c 0000 	JMP  0x00
000026 940c 0000 	JMP  0x00
000028 940c 0000 	JMP  0x00
                 
                 _tbl10_G101:
00002a 2710
00002b 03e8
00002c 0064
00002d 000a      	.DB  0x10,0x27,0xE8,0x3,0x64,0x0,0xA,0x0
00002e 0001      	.DB  0x1,0x0
                 _tbl16_G101:
00002f 1000
000030 0100
000031 0010
000032 0001      	.DB  0x0,0x10,0x0,0x1,0x10,0x0,0x1,0x0
                 
                 _0x0:
000033 6554
000034 706d
000035 253d
000036 2064      	.DB  0x54,0x65,0x6D,0x70,0x3D,0x25,0x64,0x20
E:\projectsss\3\part2\Debug\List\2.asm(1131): warning: .cseg .db misalignment - padding zero byte
000037 0000      	.DB  0x0
                 _0x2000060:
E:\projectsss\3\part2\Debug\List\2.asm(1133): warning: .cseg .db misalignment - padding zero byte
000038 0001      	.DB  0x1
                 _0x2000000:
000039 4e2d
00003a 4e41
00003b 4900
00003c 464e      	.DB  0x2D,0x4E,0x41,0x4E,0x0,0x49,0x4E,0x46
E:\projectsss\3\part2\Debug\List\2.asm(1136): warning: .cseg .db misalignment - padding zero byte
00003d 0000      	.DB  0x0
                 _0x2040003:
00003e c080      	.DB  0x80,0xC0
                 
                 __GLOBAL_INI_TBL:
00003f 0001      	.DW  0x01
000040 016f      	.DW  __seed_G100
000041 0070      	.DW  _0x2000060*2
                 
000042 0002      	.DW  0x02
000043 0173      	.DW  __base_y_G102
000044 007c      	.DW  _0x2040003*2
                 
                 _0xFFFFFFFF:
000045 0000      	.DW  0
                 
                 #define __GLOBAL_INI_TBL_PRESENT 1
                 
                 __RESET:
000046 94f8      	CLI
000047 27ee      	CLR  R30
000048 bbec      	OUT  EECR,R30
                 
                 ;INTERRUPT VECTORS ARE PLACED
                 ;AT THE START OF FLASH
000049 e0f1      	LDI  R31,1
00004a bffb      	OUT  GICR,R31
00004b bfeb      	OUT  GICR,R30
00004c bfe5      	OUT  MCUCR,R30
                 
                 ;CLEAR R2-R14
00004d e08d      	LDI  R24,(14-2)+1
00004e e0a2      	LDI  R26,2
00004f 27bb      	CLR  R27
                 __CLEAR_REG:
000050 93ed      	ST   X+,R30
000051 958a      	DEC  R24
000052 f7e9      	BRNE __CLEAR_REG
                 
                 ;CLEAR SRAM
000053 e080      	LDI  R24,LOW(__CLEAR_SRAM_SIZE)
000054 e094      	LDI  R25,HIGH(__CLEAR_SRAM_SIZE)
000055 e6a0      	LDI  R26,__SRAM_START
                 __CLEAR_SRAM:
000056 93ed      	ST   X+,R30
000057 9701      	SBIW R24,1
000058 f7e9      	BRNE __CLEAR_SRAM
                 
                 ;GLOBAL VARIABLES INITIALIZATION
000059 e7ee      	LDI  R30,LOW(__GLOBAL_INI_TBL*2)
00005a e0f0      	LDI  R31,HIGH(__GLOBAL_INI_TBL*2)
                 __GLOBAL_INI_NEXT:
00005b 9185      	LPM  R24,Z+
00005c 9195      	LPM  R25,Z+
00005d 9700      	SBIW R24,0
00005e f061      	BREQ __GLOBAL_INI_END
00005f 91a5      	LPM  R26,Z+
000060 91b5      	LPM  R27,Z+
000061 9005      	LPM  R0,Z+
000062 9015      	LPM  R1,Z+
000063 01bf      	MOVW R22,R30
000064 01f0      	MOVW R30,R0
                 __GLOBAL_INI_LOOP:
000065 9005      	LPM  R0,Z+
000066 920d      	ST   X+,R0
000067 9701      	SBIW R24,1
000068 f7e1      	BRNE __GLOBAL_INI_LOOP
000069 01fb      	MOVW R30,R22
00006a cff0      	RJMP __GLOBAL_INI_NEXT
                 __GLOBAL_INI_END:
                 
                 ;HARDWARE STACK POINTER INITIALIZATION
00006b e5ef      	LDI  R30,LOW(__SRAM_END-__HEAP_SIZE)
00006c bfed      	OUT  SPL,R30
00006d e0e4      	LDI  R30,HIGH(__SRAM_END-__HEAP_SIZE)
00006e bfee      	OUT  SPH,R30
                 
                 ;DATA STACK POINTER INITIALIZATION
00006f e6c0      	LDI  R28,LOW(__SRAM_START+__DSTACK_SIZE)
000070 e0d1      	LDI  R29,HIGH(__SRAM_START+__DSTACK_SIZE)
                 
000071 940c 0082 	JMP  _main
                 
                 	.ESEG
                 	.ORG 0
                 
                 	.DSEG
                 	.ORG 0x160
                 
                 	.CSEG
                 ;/*******************************************************
                 ;This program was created by the
                 ;CodeWizardAVR V3.12 Advanced
                 ;Automatic Program Generator
                 ;© Copyright 1998-2014 Pavel Haiduc, HP InfoTech s.r.l.
                 ;http://www.hpinfotech.com
                 ;
                 ;Project :
                 ;Version :
                 ;Date    : 24/06/2021
                 ;Author  :
                 ;Company :
                 ;Comments:
                 ;
                 ;
                 ;Chip type               : ATmega16
                 ;Program type            : Application
                 ;AVR Core Clock frequency: 0/500000 MHz
                 ;Memory model            : Small
                 ;External RAM size       : 0
                 ;Data Stack size         : 256
                 ;*******************************************************/
                 ;
                 ;#include <mega16.h>
                 	#ifndef __SLEEP_DEFINED__
                 	#define __SLEEP_DEFINED__
                 	.EQU __se_bit=0x40
                 	.EQU __sm_mask=0xB0
                 	.EQU __sm_powerdown=0x20
                 	.EQU __sm_powersave=0x30
                 	.EQU __sm_standby=0xA0
                 	.EQU __sm_ext_standby=0xB0
                 	.EQU __sm_adc_noise_red=0x10
                 	.SET power_ctrl_reg=mcucr
                 	#endif
                 ;#include <stdlib.h>
                 ;#include <delay.h>
                 ;#include <stdio.h>
                 ;
                 ;// Alphanumeric LCD functions
                 ;#include <alcd.h>
                 ;
                 ;// Declare your global variables here
                 ;unsigned int a;
                 ;char s[15];
                 ;// Voltage Reference: Int., cap. on AREF
                 ;#define ADC_VREF_TYPE ((1<<REFS1) | (1<<REFS0) | (0<<ADLAR))
                 ;
                 ;// Read the AD conversion result
                 ;unsigned int read_adc(unsigned char adc_input)
                 ; 0000 0028 {
                 
                 	.CSEG
                 _read_adc:
                 ; .FSTART _read_adc
                 ; 0000 0029 ADMUX=adc_input | ADC_VREF_TYPE;
000073 93aa      	ST   -Y,R26
                 ;	adc_input -> Y+0
000074 81e8      	LD   R30,Y
000075 6ce0      	ORI  R30,LOW(0xC0)
000076 b9e7      	OUT  0x7,R30
                 ; 0000 002A // Delay needed for the stabilization of the ADC input voltage
                 ; 0000 002B delay_us(10);
                +
000077 e082     +LDI R24 , LOW ( 2 )
                +__DELAY_USB_LOOP :
000078 958a     +DEC R24
000079 f7f1     +BRNE __DELAY_USB_LOOP
                 	__DELAY_USB 2
                 ; 0000 002C // Start the AD conversion
                 ; 0000 002D ADCSRA|=(1<<ADSC);
00007a 9a36      	SBI  0x6,6
                 ; 0000 002E // Wait for the AD conversion to complete
                 ; 0000 002F while ((ADCSRA & (1<<ADIF))==0);
                 _0x3:
00007b 9b34      	SBIS 0x6,4
00007c cffe      	RJMP _0x3
                 ; 0000 0030 ADCSRA|=(1<<ADIF);
00007d 9a34      	SBI  0x6,4
                 ; 0000 0031 return ADCW;
00007e b1e4      	IN   R30,0x4
00007f b1f5      	IN   R31,0x4+1
000080 940c 0300 	JMP  _0x20C0001
                 ; 0000 0032 }
                 ; .FEND
                 ;
                 ;void main(void)
                 ; 0000 0035 {
                 _main:
                 ; .FSTART _main
                 ; 0000 0036 // Declare your local variables here
                 ; 0000 0037 
                 ; 0000 0038 // Input/Output Ports initialization
                 ; 0000 0039 // Port A initialization
                 ; 0000 003A // Function: Bit7=In Bit6=In Bit5=In Bit4=In Bit3=In Bit2=In Bit1=In Bit0=In
                 ; 0000 003B DDRA=(0<<DDA7) | (0<<DDA6) | (0<<DDA5) | (0<<DDA4) | (0<<DDA3) | (0<<DDA2) | (0<<DDA1) | (0<<DDA0);
000082 e0e0      	LDI  R30,LOW(0)
000083 bbea      	OUT  0x1A,R30
                 ; 0000 003C // State: Bit7=T Bit6=T Bit5=T Bit4=T Bit3=T Bit2=T Bit1=T Bit0=T
                 ; 0000 003D PORTA=(0<<PORTA7) | (0<<PORTA6) | (0<<PORTA5) | (0<<PORTA4) | (0<<PORTA3) | (0<<PORTA2) | (0<<PORTA1) | (0<<PORTA0);
000084 bbeb      	OUT  0x1B,R30
                 ; 0000 003E 
                 ; 0000 003F // Port B initialization
                 ; 0000 0040 // Function: Bit7=In Bit6=In Bit5=In Bit4=In Bit3=In Bit2=In Bit1=In Bit0=In
                 ; 0000 0041 DDRB=(0<<DDB7) | (0<<DDB6) | (0<<DDB5) | (0<<DDB4) | (0<<DDB3) | (0<<DDB2) | (0<<DDB1) | (0<<DDB0);
000085 bbe7      	OUT  0x17,R30
                 ; 0000 0042 // State: Bit7=T Bit6=T Bit5=T Bit4=T Bit3=T Bit2=T Bit1=T Bit0=T
                 ; 0000 0043 PORTB=(0<<PORTB7) | (0<<PORTB6) | (0<<PORTB5) | (0<<PORTB4) | (0<<PORTB3) | (0<<PORTB2) | (0<<PORTB1) | (0<<PORTB0);
000086 bbe8      	OUT  0x18,R30
                 ; 0000 0044 
                 ; 0000 0045 // Port C initialization
                 ; 0000 0046 // Function: Bit7=In Bit6=In Bit5=In Bit4=In Bit3=In Bit2=In Bit1=In Bit0=In
                 ; 0000 0047 DDRC=(0<<DDC7) | (0<<DDC6) | (0<<DDC5) | (0<<DDC4) | (0<<DDC3) | (0<<DDC2) | (0<<DDC1) | (0<<DDC0);
000087 bbe4      	OUT  0x14,R30
                 ; 0000 0048 // State: Bit7=T Bit6=T Bit5=T Bit4=T Bit3=T Bit2=T Bit1=T Bit0=T
                 ; 0000 0049 PORTC=(0<<PORTC7) | (0<<PORTC6) | (0<<PORTC5) | (0<<PORTC4) | (0<<PORTC3) | (0<<PORTC2) | (0<<PORTC1) | (0<<PORTC0);
000088 bbe5      	OUT  0x15,R30
                 ; 0000 004A 
                 ; 0000 004B // Port D initialization
                 ; 0000 004C // Function: Bit7=In Bit6=In Bit5=In Bit4=In Bit3=In Bit2=In Bit1=In Bit0=In
                 ; 0000 004D DDRD=(0<<DDD7) | (0<<DDD6) | (0<<DDD5) | (0<<DDD4) | (0<<DDD3) | (0<<DDD2) | (0<<DDD1) | (0<<DDD0);
000089 bbe1      	OUT  0x11,R30
                 ; 0000 004E // State: Bit7=T Bit6=T Bit5=T Bit4=T Bit3=T Bit2=T Bit1=T Bit0=T
                 ; 0000 004F PORTD=(0<<PORTD7) | (0<<PORTD6) | (0<<PORTD5) | (0<<PORTD4) | (0<<PORTD3) | (0<<PORTD2) | (0<<PORTD1) | (0<<PORTD0);
00008a bbe2      	OUT  0x12,R30
                 ; 0000 0050 
                 ; 0000 0051 // Timer/Counter 0 initialization
                 ; 0000 0052 // Clock source: System Clock
                 ; 0000 0053 // Clock value: Timer 0 Stopped
                 ; 0000 0054 // Mode: Normal top=0xFF
                 ; 0000 0055 // OC0 output: Disconnected
                 ; 0000 0056 TCCR0=(0<<WGM00) | (0<<COM01) | (0<<COM00) | (0<<WGM01) | (0<<CS02) | (0<<CS01) | (0<<CS00);
00008b bfe3      	OUT  0x33,R30
                 ; 0000 0057 TCNT0=0x00;
00008c bfe2      	OUT  0x32,R30
                 ; 0000 0058 OCR0=0x00;
00008d bfec      	OUT  0x3C,R30
                 ; 0000 0059 
                 ; 0000 005A // Timer/Counter 1 initialization
                 ; 0000 005B // Clock source: System Clock
                 ; 0000 005C // Clock value: Timer1 Stopped
                 ; 0000 005D // Mode: Normal top=0xFFFF
                 ; 0000 005E // OC1A output: Disconnected
                 ; 0000 005F // OC1B output: Disconnected
                 ; 0000 0060 // Noise Canceler: Off
                 ; 0000 0061 // Input Capture on Falling Edge
                 ; 0000 0062 // Timer1 Overflow Interrupt: Off
                 ; 0000 0063 // Input Capture Interrupt: Off
                 ; 0000 0064 // Compare A Match Interrupt: Off
                 ; 0000 0065 // Compare B Match Interrupt: Off
                 ; 0000 0066 TCCR1A=(0<<COM1A1) | (0<<COM1A0) | (0<<COM1B1) | (0<<COM1B0) | (0<<WGM11) | (0<<WGM10);
00008e bdef      	OUT  0x2F,R30
                 ; 0000 0067 TCCR1B=(0<<ICNC1) | (0<<ICES1) | (0<<WGM13) | (0<<WGM12) | (0<<CS12) | (0<<CS11) | (0<<CS10);
00008f bdee      	OUT  0x2E,R30
                 ; 0000 0068 TCNT1H=0x00;
000090 bded      	OUT  0x2D,R30
                 ; 0000 0069 TCNT1L=0x00;
000091 bdec      	OUT  0x2C,R30
                 ; 0000 006A ICR1H=0x00;
000092 bde7      	OUT  0x27,R30
                 ; 0000 006B ICR1L=0x00;
000093 bde6      	OUT  0x26,R30
                 ; 0000 006C OCR1AH=0x00;
000094 bdeb      	OUT  0x2B,R30
                 ; 0000 006D OCR1AL=0x00;
000095 bdea      	OUT  0x2A,R30
                 ; 0000 006E OCR1BH=0x00;
000096 bde9      	OUT  0x29,R30
                 ; 0000 006F OCR1BL=0x00;
000097 bde8      	OUT  0x28,R30
                 ; 0000 0070 
                 ; 0000 0071 // Timer/Counter 2 initialization
                 ; 0000 0072 // Clock source: System Clock
                 ; 0000 0073 // Clock value: Timer2 Stopped
                 ; 0000 0074 // Mode: Normal top=0xFF
                 ; 0000 0075 // OC2 output: Disconnected
                 ; 0000 0076 ASSR=0<<AS2;
000098 bde2      	OUT  0x22,R30
                 ; 0000 0077 TCCR2=(0<<PWM2) | (0<<COM21) | (0<<COM20) | (0<<CTC2) | (0<<CS22) | (0<<CS21) | (0<<CS20);
000099 bde5      	OUT  0x25,R30
                 ; 0000 0078 TCNT2=0x00;
00009a bde4      	OUT  0x24,R30
                 ; 0000 0079 OCR2=0x00;
00009b bde3      	OUT  0x23,R30
                 ; 0000 007A 
                 ; 0000 007B // Timer(s)/Counter(s) Interrupt(s) initialization
                 ; 0000 007C TIMSK=(0<<OCIE2) | (0<<TOIE2) | (0<<TICIE1) | (0<<OCIE1A) | (0<<OCIE1B) | (0<<TOIE1) | (0<<OCIE0) | (0<<TOIE0);
00009c bfe9      	OUT  0x39,R30
                 ; 0000 007D 
                 ; 0000 007E // External Interrupt(s) initialization
                 ; 0000 007F // INT0: Off
                 ; 0000 0080 // INT1: Off
                 ; 0000 0081 // INT2: Off
                 ; 0000 0082 MCUCR=(0<<ISC11) | (0<<ISC10) | (0<<ISC01) | (0<<ISC00);
00009d bfe5      	OUT  0x35,R30
                 ; 0000 0083 MCUCSR=(0<<ISC2);
00009e bfe4      	OUT  0x34,R30
                 ; 0000 0084 
                 ; 0000 0085 // USART initialization
                 ; 0000 0086 // USART disabled
                 ; 0000 0087 UCSRB=(0<<RXCIE) | (0<<TXCIE) | (0<<UDRIE) | (0<<RXEN) | (0<<TXEN) | (0<<UCSZ2) | (0<<RXB8) | (0<<TXB8);
00009f b9ea      	OUT  0xA,R30
                 ; 0000 0088 
                 ; 0000 0089 // Analog Comparator initialization
                 ; 0000 008A // Analog Comparator: Off
                 ; 0000 008B // The Analog Comparator's positive input is
                 ; 0000 008C // connected to the AIN0 pin
                 ; 0000 008D // The Analog Comparator's negative input is
                 ; 0000 008E // connected to the AIN1 pin
                 ; 0000 008F ACSR=(1<<ACD) | (0<<ACBG) | (0<<ACO) | (0<<ACI) | (0<<ACIE) | (0<<ACIC) | (0<<ACIS1) | (0<<ACIS0);
0000a0 e8e0      	LDI  R30,LOW(128)
0000a1 b9e8      	OUT  0x8,R30
                 ; 0000 0090 
                 ; 0000 0091 // ADC initialization
                 ; 0000 0092 // ADC Clock frequency: 125/000 kHz
                 ; 0000 0093 // ADC Voltage Reference: Int., cap. on AREF
                 ; 0000 0094 // ADC Auto Trigger Source: ADC Stopped
                 ; 0000 0095 ADMUX=ADC_VREF_TYPE;
0000a2 ece0      	LDI  R30,LOW(192)
0000a3 b9e7      	OUT  0x7,R30
                 ; 0000 0096 ADCSRA=(1<<ADEN) | (0<<ADSC) | (0<<ADATE) | (0<<ADIF) | (0<<ADIE) | (0<<ADPS2) | (1<<ADPS1) | (0<<ADPS0);
0000a4 e8e2      	LDI  R30,LOW(130)
0000a5 b9e6      	OUT  0x6,R30
                 ; 0000 0097 SFIOR=(0<<ADTS2) | (0<<ADTS1) | (0<<ADTS0);
0000a6 e0e0      	LDI  R30,LOW(0)
0000a7 bfe0      	OUT  0x30,R30
                 ; 0000 0098 
                 ; 0000 0099 // SPI initialization
                 ; 0000 009A // SPI disabled
                 ; 0000 009B SPCR=(0<<SPIE) | (0<<SPE) | (0<<DORD) | (0<<MSTR) | (0<<CPOL) | (0<<CPHA) | (0<<SPR1) | (0<<SPR0);
0000a8 b9ed      	OUT  0xD,R30
                 ; 0000 009C 
                 ; 0000 009D // TWI initialization
                 ; 0000 009E // TWI disabled
                 ; 0000 009F TWCR=(0<<TWEA) | (0<<TWSTA) | (0<<TWSTO) | (0<<TWEN) | (0<<TWIE);
0000a9 bfe6      	OUT  0x36,R30
                 ; 0000 00A0 
                 ; 0000 00A1 // Alphanumeric LCD initialization
                 ; 0000 00A2 // Connections are specified in the
                 ; 0000 00A3 // Project|Configure|C Compiler|Libraries|Alphanumeric LCD menu:
                 ; 0000 00A4 // RS - PORTB Bit 0
                 ; 0000 00A5 // RD - PORTB Bit 1
                 ; 0000 00A6 // EN - PORTB Bit 2
                 ; 0000 00A7 // D4 - PORTB Bit 4
                 ; 0000 00A8 // D5 - PORTB Bit 5
                 ; 0000 00A9 // D6 - PORTB Bit 6
                 ; 0000 00AA // D7 - PORTB Bit 7
                 ; 0000 00AB // Characters/line: 20
                 ; 0000 00AC lcd_init(20);
0000aa e1a4      	LDI  R26,LOW(20)
0000ab 940e 02d5 	CALL _lcd_init
                 ; 0000 00AD 
                 ; 0000 00AE while (1)
                 _0x6:
                 ; 0000 00AF       {
                 ; 0000 00B0       a=read_adc(0);
0000ad e0a0      	LDI  R26,LOW(0)
0000ae dfc4      	RCALL _read_adc
0000af 012f      	MOVW R4,R30
                 ; 0000 00B1       sprintf(s,"Temp=%d ",a/4);
0000b0 e6e0      	LDI  R30,LOW(_s)
0000b1 e0f1      	LDI  R31,HIGH(_s)
0000b2 93fa      	ST   -Y,R31
0000b3 93ea      	ST   -Y,R30
                +
0000b4 e6e6     +LDI R30 , LOW ( 2 * _0x0 + ( 0 ) )
0000b5 e0f0     +LDI R31 , HIGH ( 2 * _0x0 + ( 0 ) )
                 	__POINTW1FN _0x0,0
0000b6 93fa      	ST   -Y,R31
0000b7 93ea      	ST   -Y,R30
0000b8 01f2      	MOVW R30,R4
0000b9 940e 0365 	CALL __LSRW2
0000bb 2766      	CLR  R22
0000bc 2777      	CLR  R23
0000bd 940e 0372 	CALL __PUTPARD1
0000bf e084      	LDI  R24,4
0000c0 940e 0242 	CALL _sprintf
0000c2 9628      	ADIW R28,8
                 ; 0000 00B2       lcd_gotoxy(0,0);
0000c3 e0e0      	LDI  R30,LOW(0)
0000c4 93ea      	ST   -Y,R30
0000c5 e0a0      	LDI  R26,LOW(0)
0000c6 940e 0296 	CALL _lcd_gotoxy
                 ; 0000 00B3       lcd_puts(s);
0000c8 e6a0      	LDI  R26,LOW(_s)
0000c9 e0b1      	LDI  R27,HIGH(_s)
0000ca 940e 02c4 	CALL _lcd_puts
                 ; 0000 00B4       }
0000cc cfe0      	RJMP _0x6
                 ; 0000 00B5 }
                 _0x9:
0000cd cfff      	RJMP _0x9
                 ; .FEND
                 
                 	.CSEG
                 
                 	.DSEG
                 
                 	.CSEG
                 	#ifndef __SLEEP_DEFINED__
                 	#endif
                 
                 	.CSEG
                 _put_buff_G101:
                 ; .FSTART _put_buff_G101
0000ce 93ba      	ST   -Y,R27
0000cf 93aa      	ST   -Y,R26
0000d0 931a      	ST   -Y,R17
0000d1 930a      	ST   -Y,R16
0000d2 81aa      	LDD  R26,Y+2
0000d3 81bb      	LDD  R27,Y+2+1
0000d4 9612      	ADIW R26,2
0000d5 940e 036a 	CALL __GETW1P
0000d7 9730      	SBIW R30,0
0000d8 f159      	BREQ _0x2020010
0000d9 81aa      	LDD  R26,Y+2
0000da 81bb      	LDD  R27,Y+2+1
0000db 9614      	ADIW R26,4
0000dc 940e 036a 	CALL __GETW1P
0000de 018f      	MOVW R16,R30
0000df 9730      	SBIW R30,0
0000e0 f061      	BREQ _0x2020012
                +
0000e1 3002     +CPI R16 , LOW ( 2 )
0000e2 e0e0     +LDI R30 , HIGH ( 2 )
0000e3 071e     +CPC R17 , R30
                 	__CPWRN 16,17,2
0000e4 f098      	BRLO _0x2020013
0000e5 01f8      	MOVW R30,R16
0000e6 9731      	SBIW R30,1
0000e7 018f      	MOVW R16,R30
                +
0000e8 81aa     +LDD R26 , Y + 2
0000e9 81bb     +LDD R27 , Y + 2 + 1
0000ea 9614     +ADIW R26 , 4
0000eb 93ed     +ST X + , R30
0000ec 93fc     +ST X , R31
                 	__PUTW1SNS 2,4
                 _0x2020012:
0000ed 81aa      	LDD  R26,Y+2
0000ee 81bb      	LDD  R27,Y+2+1
0000ef 9612      	ADIW R26,2
0000f0 91ed      	LD   R30,X+
0000f1 91fd      	LD   R31,X+
0000f2 9631      	ADIW R30,1
0000f3 93fe      	ST   -X,R31
0000f4 93ee      	ST   -X,R30
0000f5 9731      	SBIW R30,1
0000f6 81ac      	LDD  R26,Y+4
0000f7 83a0      	STD  Z+0,R26
                 _0x2020013:
0000f8 81aa      	LDD  R26,Y+2
0000f9 81bb      	LDD  R27,Y+2+1
0000fa 940e 036a 	CALL __GETW1P
0000fc 23ff      	TST  R31
0000fd f02a      	BRMI _0x2020014
0000fe 91ed      	LD   R30,X+
0000ff 91fd      	LD   R31,X+
000100 9631      	ADIW R30,1
000101 93fe      	ST   -X,R31
000102 93ee      	ST   -X,R30
                 _0x2020014:
000103 c006      	RJMP _0x2020015
                 _0x2020010:
000104 81aa      	LDD  R26,Y+2
000105 81bb      	LDD  R27,Y+2+1
000106 efef      	LDI  R30,LOW(65535)
000107 efff      	LDI  R31,HIGH(65535)
000108 93ed      	ST   X+,R30
000109 93fc      	ST   X,R31
                 _0x2020015:
00010a 8119      	LDD  R17,Y+1
00010b 8108      	LDD  R16,Y+0
00010c 9625      	ADIW R28,5
00010d 9508      	RET
                 ; .FEND
                 __print_G101:
                 ; .FSTART __print_G101
00010e 93ba      	ST   -Y,R27
00010f 93aa      	ST   -Y,R26
000110 9726      	SBIW R28,6
000111 940e 0377 	CALL __SAVELOCR6
000113 e010      	LDI  R17,0
000114 85ac      	LDD  R26,Y+12
000115 85bd      	LDD  R27,Y+12+1
000116 e0e0      	LDI  R30,LOW(0)
000117 e0f0      	LDI  R31,HIGH(0)
000118 93ed      	ST   X+,R30
000119 93fc      	ST   X,R31
                 _0x2020016:
00011a 89ea      	LDD  R30,Y+18
00011b 89fb      	LDD  R31,Y+18+1
00011c 9631      	ADIW R30,1
00011d 8bea      	STD  Y+18,R30
00011e 8bfb      	STD  Y+18+1,R31
00011f 9731      	SBIW R30,1
000120 91e4      	LPM  R30,Z
000121 2f2e      	MOV  R18,R30
000122 30e0      	CPI  R30,0
000123 f409      	BRNE PC+2
000124 c115      	RJMP _0x2020018
000125 2fe1      	MOV  R30,R17
000126 30e0      	CPI  R30,0
000127 f439      	BRNE _0x202001C
000128 3225      	CPI  R18,37
000129 f411      	BRNE _0x202001D
00012a e011      	LDI  R17,LOW(1)
00012b c002      	RJMP _0x202001E
                 _0x202001D:
00012c 940e 031b 	CALL SUBOPT_0x0
                 _0x202001E:
00012e c10a      	RJMP _0x202001B
                 _0x202001C:
00012f 30e1      	CPI  R30,LOW(0x1)
000130 f4a9      	BRNE _0x202001F
000131 3225      	CPI  R18,37
000132 f419      	BRNE _0x2020020
000133 940e 031b 	CALL SUBOPT_0x0
000135 c102      	RJMP _0x20200CC
                 _0x2020020:
000136 e012      	LDI  R17,LOW(2)
000137 e040      	LDI  R20,LOW(0)
000138 e000      	LDI  R16,LOW(0)
000139 322d      	CPI  R18,45
00013a f411      	BRNE _0x2020021
00013b e001      	LDI  R16,LOW(1)
00013c c0fc      	RJMP _0x202001B
                 _0x2020021:
00013d 322b      	CPI  R18,43
00013e f411      	BRNE _0x2020022
00013f e24b      	LDI  R20,LOW(43)
000140 c0f8      	RJMP _0x202001B
                 _0x2020022:
000141 3220      	CPI  R18,32
000142 f411      	BRNE _0x2020023
000143 e240      	LDI  R20,LOW(32)
000144 c0f4      	RJMP _0x202001B
                 _0x2020023:
000145 c002      	RJMP _0x2020024
                 _0x202001F:
000146 30e2      	CPI  R30,LOW(0x2)
000147 f439      	BRNE _0x2020025
                 _0x2020024:
000148 e050      	LDI  R21,LOW(0)
000149 e013      	LDI  R17,LOW(3)
00014a 3320      	CPI  R18,48
00014b f411      	BRNE _0x2020026
00014c 6800      	ORI  R16,LOW(128)
00014d c0eb      	RJMP _0x202001B
                 _0x2020026:
00014e c003      	RJMP _0x2020027
                 _0x2020025:
00014f 30e3      	CPI  R30,LOW(0x3)
000150 f009      	BREQ PC+2
000151 c0e7      	RJMP _0x202001B
                 _0x2020027:
000152 3320      	CPI  R18,48
000153 f010      	BRLO _0x202002A
000154 332a      	CPI  R18,58
000155 f008      	BRLO _0x202002B
                 _0x202002A:
000156 c007      	RJMP _0x2020029
                 _0x202002B:
000157 e0aa      	LDI  R26,LOW(10)
000158 9f5a      	MUL  R21,R26
000159 2d50      	MOV  R21,R0
00015a 2fe2      	MOV  R30,R18
00015b 53e0      	SUBI R30,LOW(48)
00015c 0f5e      	ADD  R21,R30
00015d c0db      	RJMP _0x202001B
                 _0x2020029:
00015e 2fe2      	MOV  R30,R18
00015f 36e3      	CPI  R30,LOW(0x63)
000160 f449      	BRNE _0x202002F
000161 940e 0322 	CALL SUBOPT_0x1
000163 89e8      	LDD  R30,Y+16
000164 89f9      	LDD  R31,Y+16+1
000165 81a4      	LDD  R26,Z+4
000166 93aa      	ST   -Y,R26
000167 940e 0328 	CALL SUBOPT_0x2
000169 c0ce      	RJMP _0x2020030
                 _0x202002F:
00016a 37e3      	CPI  R30,LOW(0x73)
00016b f441      	BRNE _0x2020032
00016c 940e 0322 	CALL SUBOPT_0x1
00016e 940e 032e 	CALL SUBOPT_0x3
000170 940e 0302 	CALL _strlen
000172 2f1e      	MOV  R17,R30
000173 c00a      	RJMP _0x2020033
                 _0x2020032:
000174 37e0      	CPI  R30,LOW(0x70)
000175 f461      	BRNE _0x2020035
000176 940e 0322 	CALL SUBOPT_0x1
000178 940e 032e 	CALL SUBOPT_0x3
00017a 940e 030e 	CALL _strlenf
00017c 2f1e      	MOV  R17,R30
00017d 6008      	ORI  R16,LOW(8)
                 _0x2020033:
00017e 6002      	ORI  R16,LOW(2)
00017f 770f      	ANDI R16,LOW(127)
000180 e030      	LDI  R19,LOW(0)
000181 c034      	RJMP _0x2020036
                 _0x2020035:
000182 36e4      	CPI  R30,LOW(0x64)
000183 f011      	BREQ _0x2020039
000184 36e9      	CPI  R30,LOW(0x69)
000185 f411      	BRNE _0x202003A
                 _0x2020039:
000186 6004      	ORI  R16,LOW(4)
000187 c002      	RJMP _0x202003B
                 _0x202003A:
000188 37e5      	CPI  R30,LOW(0x75)
000189 f431      	BRNE _0x202003C
                 _0x202003B:
00018a e5e4      	LDI  R30,LOW(_tbl10_G101*2)
00018b e0f0      	LDI  R31,HIGH(_tbl10_G101*2)
00018c 83ee      	STD  Y+6,R30
00018d 83ff      	STD  Y+6+1,R31
00018e e015      	LDI  R17,LOW(5)
00018f c00c      	RJMP _0x202003D
                 _0x202003C:
000190 35e8      	CPI  R30,LOW(0x58)
000191 f411      	BRNE _0x202003F
000192 6008      	ORI  R16,LOW(8)
000193 c003      	RJMP _0x2020040
                 _0x202003F:
000194 37e8      	CPI  R30,LOW(0x78)
000195 f009      	BREQ PC+2
000196 c0a1      	RJMP _0x2020071
                 _0x2020040:
000197 e5ee      	LDI  R30,LOW(_tbl16_G101*2)
000198 e0f0      	LDI  R31,HIGH(_tbl16_G101*2)
000199 83ee      	STD  Y+6,R30
00019a 83ff      	STD  Y+6+1,R31
00019b e014      	LDI  R17,LOW(4)
                 _0x202003D:
00019c ff02      	SBRS R16,2
00019d c014      	RJMP _0x2020042
00019e 940e 0322 	CALL SUBOPT_0x1
0001a0 940e 0338 	CALL SUBOPT_0x4
0001a2 85ab      	LDD  R26,Y+11
0001a3 23aa      	TST  R26
0001a4 f43a      	BRPL _0x2020043
0001a5 85ea      	LDD  R30,Y+10
0001a6 85fb      	LDD  R31,Y+10+1
0001a7 940e 0361 	CALL __ANEGW1
0001a9 87ea      	STD  Y+10,R30
0001aa 87fb      	STD  Y+10+1,R31
0001ab e24d      	LDI  R20,LOW(45)
                 _0x2020043:
0001ac 3040      	CPI  R20,0
0001ad f011      	BREQ _0x2020044
0001ae 5f1f      	SUBI R17,-LOW(1)
0001af c001      	RJMP _0x2020045
                 _0x2020044:
0001b0 7f0b      	ANDI R16,LOW(251)
                 _0x2020045:
0001b1 c004      	RJMP _0x2020046
                 _0x2020042:
0001b2 940e 0322 	CALL SUBOPT_0x1
0001b4 940e 0338 	CALL SUBOPT_0x4
                 _0x2020046:
                 _0x2020036:
0001b6 fd00      	SBRC R16,0
0001b7 c011      	RJMP _0x2020047
                 _0x2020048:
0001b8 1715      	CP   R17,R21
0001b9 f478      	BRSH _0x202004A
0001ba ff07      	SBRS R16,7
0001bb c008      	RJMP _0x202004B
0001bc ff02      	SBRS R16,2
0001bd c004      	RJMP _0x202004C
0001be 7f0b      	ANDI R16,LOW(251)
0001bf 2f24      	MOV  R18,R20
0001c0 5011      	SUBI R17,LOW(1)
0001c1 c001      	RJMP _0x202004D
                 _0x202004C:
0001c2 e320      	LDI  R18,LOW(48)
                 _0x202004D:
0001c3 c001      	RJMP _0x202004E
                 _0x202004B:
0001c4 e220      	LDI  R18,LOW(32)
                 _0x202004E:
0001c5 940e 031b 	CALL SUBOPT_0x0
0001c7 5051      	SUBI R21,LOW(1)
0001c8 cfef      	RJMP _0x2020048
                 _0x202004A:
                 _0x2020047:
0001c9 2f31      	MOV  R19,R17
0001ca ff01      	SBRS R16,1
0001cb c017      	RJMP _0x202004F
                 _0x2020050:
0001cc 3030      	CPI  R19,0
0001cd f0a1      	BREQ _0x2020052
0001ce ff03      	SBRS R16,3
0001cf c006      	RJMP _0x2020053
0001d0 81ee      	LDD  R30,Y+6
0001d1 81ff      	LDD  R31,Y+6+1
0001d2 9125      	LPM  R18,Z+
0001d3 83ee      	STD  Y+6,R30
0001d4 83ff      	STD  Y+6+1,R31
0001d5 c005      	RJMP _0x2020054
                 _0x2020053:
0001d6 81ae      	LDD  R26,Y+6
0001d7 81bf      	LDD  R27,Y+6+1
0001d8 912d      	LD   R18,X+
0001d9 83ae      	STD  Y+6,R26
0001da 83bf      	STD  Y+6+1,R27
                 _0x2020054:
0001db 940e 031b 	CALL SUBOPT_0x0
0001dd 3050      	CPI  R21,0
0001de f009      	BREQ _0x2020055
0001df 5051      	SUBI R21,LOW(1)
                 _0x2020055:
0001e0 5031      	SUBI R19,LOW(1)
0001e1 cfea      	RJMP _0x2020050
                 _0x2020052:
0001e2 c04b      	RJMP _0x2020056
                 _0x202004F:
                 _0x2020058:
0001e3 e320      	LDI  R18,LOW(48)
0001e4 81ee      	LDD  R30,Y+6
0001e5 81ff      	LDD  R31,Y+6+1
0001e6 940e 036e 	CALL __GETW1PF
0001e8 87e8      	STD  Y+8,R30
0001e9 87f9      	STD  Y+8+1,R31
0001ea 81ee      	LDD  R30,Y+6
0001eb 81ff      	LDD  R31,Y+6+1
0001ec 9632      	ADIW R30,2
0001ed 83ee      	STD  Y+6,R30
0001ee 83ff      	STD  Y+6+1,R31
                 _0x202005A:
0001ef 85e8      	LDD  R30,Y+8
0001f0 85f9      	LDD  R31,Y+8+1
0001f1 85aa      	LDD  R26,Y+10
0001f2 85bb      	LDD  R27,Y+10+1
0001f3 17ae      	CP   R26,R30
0001f4 07bf      	CPC  R27,R31
0001f5 f050      	BRLO _0x202005C
0001f6 5f2f      	SUBI R18,-LOW(1)
0001f7 85a8      	LDD  R26,Y+8
0001f8 85b9      	LDD  R27,Y+8+1
0001f9 85ea      	LDD  R30,Y+10
0001fa 85fb      	LDD  R31,Y+10+1
0001fb 1bea      	SUB  R30,R26
0001fc 0bfb      	SBC  R31,R27
0001fd 87ea      	STD  Y+10,R30
0001fe 87fb      	STD  Y+10+1,R31
0001ff cfef      	RJMP _0x202005A
                 _0x202005C:
000200 332a      	CPI  R18,58
000201 f028      	BRLO _0x202005D
000202 ff03      	SBRS R16,3
000203 c002      	RJMP _0x202005E
000204 5f29      	SUBI R18,-LOW(7)
000205 c001      	RJMP _0x202005F
                 _0x202005E:
000206 5d29      	SUBI R18,-LOW(39)
                 _0x202005F:
                 _0x202005D:
000207 fd04      	SBRC R16,4
000208 c01a      	RJMP _0x2020061
000209 3321      	CPI  R18,49
00020a f420      	BRSH _0x2020063
00020b 85a8      	LDD  R26,Y+8
00020c 85b9      	LDD  R27,Y+8+1
00020d 9711      	SBIW R26,1
00020e f409      	BRNE _0x2020062
                 _0x2020063:
00020f c009      	RJMP _0x20200CD
                 _0x2020062:
000210 1753      	CP   R21,R19
000211 f010      	BRLO _0x2020067
000212 ff00      	SBRS R16,0
000213 c001      	RJMP _0x2020068
                 _0x2020067:
000214 c013      	RJMP _0x2020066
                 _0x2020068:
000215 e220      	LDI  R18,LOW(32)
000216 ff07      	SBRS R16,7
000217 c00b      	RJMP _0x2020069
000218 e320      	LDI  R18,LOW(48)
                 _0x20200CD:
000219 6100      	ORI  R16,LOW(16)
00021a ff02      	SBRS R16,2
00021b c007      	RJMP _0x202006A
00021c 7f0b      	ANDI R16,LOW(251)
00021d 934a      	ST   -Y,R20
00021e 940e 0328 	CALL SUBOPT_0x2
000220 3050      	CPI  R21,0
000221 f009      	BREQ _0x202006B
000222 5051      	SUBI R21,LOW(1)
                 _0x202006B:
                 _0x202006A:
                 _0x2020069:
                 _0x2020061:
000223 940e 031b 	CALL SUBOPT_0x0
000225 3050      	CPI  R21,0
000226 f009      	BREQ _0x202006C
000227 5051      	SUBI R21,LOW(1)
                 _0x202006C:
                 _0x2020066:
000228 5031      	SUBI R19,LOW(1)
000229 85a8      	LDD  R26,Y+8
00022a 85b9      	LDD  R27,Y+8+1
00022b 9712      	SBIW R26,2
00022c f008      	BRLO _0x2020059
00022d cfb5      	RJMP _0x2020058
                 _0x2020059:
                 _0x2020056:
00022e ff00      	SBRS R16,0
00022f c008      	RJMP _0x202006D
                 _0x202006E:
000230 3050      	CPI  R21,0
000231 f031      	BREQ _0x2020070
000232 5051      	SUBI R21,LOW(1)
000233 e2e0      	LDI  R30,LOW(32)
000234 93ea      	ST   -Y,R30
000235 940e 0328 	CALL SUBOPT_0x2
000237 cff8      	RJMP _0x202006E
                 _0x2020070:
                 _0x202006D:
                 _0x2020071:
                 _0x2020030:
                 _0x20200CC:
000238 e010      	LDI  R17,LOW(0)
                 _0x202001B:
000239 cee0      	RJMP _0x2020016
                 _0x2020018:
00023a 85ac      	LDD  R26,Y+12
00023b 85bd      	LDD  R27,Y+12+1
00023c 940e 036a 	CALL __GETW1P
00023e 940e 037e 	CALL __LOADLOCR6
000240 9664      	ADIW R28,20
000241 9508      	RET
                 ; .FEND
                 _sprintf:
                 ; .FSTART _sprintf
000242 92ff      	PUSH R15
000243 2ef8      	MOV  R15,R24
000244 9726      	SBIW R28,6
000245 940e 0379 	CALL __SAVELOCR4
000247 940e 0340 	CALL SUBOPT_0x5
000249 9730      	SBIW R30,0
00024a f419      	BRNE _0x2020072
00024b efef      	LDI  R30,LOW(65535)
00024c efff      	LDI  R31,HIGH(65535)
00024d c023      	RJMP _0x20C0002
                 _0x2020072:
00024e 01de      	MOVW R26,R28
00024f 9616      	ADIW R26,6
000250 940e 035d 	CALL __ADDW2R15
000252 018d      	MOVW R16,R26
000253 940e 0340 	CALL SUBOPT_0x5
000255 83ee      	STD  Y+6,R30
000256 83ff      	STD  Y+6+1,R31
000257 e0e0      	LDI  R30,LOW(0)
000258 87e8      	STD  Y+8,R30
000259 87e9      	STD  Y+8+1,R30
00025a 01de      	MOVW R26,R28
00025b 961a      	ADIW R26,10
00025c 940e 035d 	CALL __ADDW2R15
00025e 940e 036a 	CALL __GETW1P
000260 93fa      	ST   -Y,R31
000261 93ea      	ST   -Y,R30
000262 931a      	ST   -Y,R17
000263 930a      	ST   -Y,R16
000264 ecee      	LDI  R30,LOW(_put_buff_G101)
000265 e0f0      	LDI  R31,HIGH(_put_buff_G101)
000266 93fa      	ST   -Y,R31
000267 93ea      	ST   -Y,R30
000268 01de      	MOVW R26,R28
000269 961a      	ADIW R26,10
00026a dea3      	RCALL __print_G101
00026b 019f      	MOVW R18,R30
00026c 81ae      	LDD  R26,Y+6
00026d 81bf      	LDD  R27,Y+6+1
00026e e0e0      	LDI  R30,LOW(0)
00026f 93ec      	ST   X,R30
000270 01f9      	MOVW R30,R18
                 _0x20C0002:
000271 940e 0380 	CALL __LOADLOCR4
000273 962a      	ADIW R28,10
000274 90ff      	POP  R15
000275 9508      	RET
                 ; .FEND
                 	#ifndef __SLEEP_DEFINED__
                 	#endif
                 
                 	.DSEG
                 
                 	.CSEG
                 __lcd_write_nibble_G102:
                 ; .FSTART __lcd_write_nibble_G102
000276 93aa      	ST   -Y,R26
000277 b3e8      	IN   R30,0x18
000278 70ef      	ANDI R30,LOW(0xF)
000279 2fae      	MOV  R26,R30
00027a 81e8      	LD   R30,Y
00027b 7fe0      	ANDI R30,LOW(0xF0)
00027c 2bea      	OR   R30,R26
00027d bbe8      	OUT  0x18,R30
                +
00027e e081     +LDI R24 , LOW ( 1 )
                +__DELAY_USB_LOOP :
00027f 958a     +DEC R24
000280 f7f1     +BRNE __DELAY_USB_LOOP
                 	__DELAY_USB 1
000281 9ac2      	SBI  0x18,2
                +
000282 e081     +LDI R24 , LOW ( 1 )
                +__DELAY_USB_LOOP :
000283 958a     +DEC R24
000284 f7f1     +BRNE __DELAY_USB_LOOP
                 	__DELAY_USB 1
000285 98c2      	CBI  0x18,2
                +
000286 e081     +LDI R24 , LOW ( 1 )
                +__DELAY_USB_LOOP :
000287 958a     +DEC R24
000288 f7f1     +BRNE __DELAY_USB_LOOP
                 	__DELAY_USB 1
000289 c076      	RJMP _0x20C0001
                 ; .FEND
                 __lcd_write_data:
                 ; .FSTART __lcd_write_data
00028a 93aa      	ST   -Y,R26
00028b 81a8      	LD   R26,Y
00028c dfe9      	RCALL __lcd_write_nibble_G102
00028d 81e8          ld    r30,y
00028e 95e2          swap  r30
00028f 83e8          st    y,r30
000290 81a8      	LD   R26,Y
000291 dfe4      	RCALL __lcd_write_nibble_G102
                +
000292 e088     +LDI R24 , LOW ( 8 )
                +__DELAY_USB_LOOP :
000293 958a     +DEC R24
000294 f7f1     +BRNE __DELAY_USB_LOOP
                 	__DELAY_USB 8
000295 c06a      	RJMP _0x20C0001
                 ; .FEND
                 _lcd_gotoxy:
                 ; .FSTART _lcd_gotoxy
000296 93aa      	ST   -Y,R26
000297 81e8      	LD   R30,Y
000298 e0f0      	LDI  R31,0
000299 58ed      	SUBI R30,LOW(-__base_y_G102)
00029a 4ffe      	SBCI R31,HIGH(-__base_y_G102)
00029b 81e0      	LD   R30,Z
00029c 81a9      	LDD  R26,Y+1
00029d 0fae      	ADD  R26,R30
00029e dfeb      	RCALL __lcd_write_data
00029f 8079      	LDD  R7,Y+1
0002a0 8068      	LDD  R6,Y+0
0002a1 9622      	ADIW R28,2
0002a2 9508      	RET
                 ; .FEND
                 _lcd_clear:
                 ; .FSTART _lcd_clear
0002a3 e0a2      	LDI  R26,LOW(2)
0002a4 940e 0347 	CALL SUBOPT_0x6
0002a6 e0ac      	LDI  R26,LOW(12)
0002a7 dfe2      	RCALL __lcd_write_data
0002a8 e0a1      	LDI  R26,LOW(1)
0002a9 940e 0347 	CALL SUBOPT_0x6
0002ab e0e0      	LDI  R30,LOW(0)
0002ac 2e6e      	MOV  R6,R30
0002ad 2e7e      	MOV  R7,R30
0002ae 9508      	RET
                 ; .FEND
                 _lcd_putchar:
                 ; .FSTART _lcd_putchar
0002af 93aa      	ST   -Y,R26
0002b0 81a8      	LD   R26,Y
0002b1 30aa      	CPI  R26,LOW(0xA)
0002b2 f011      	BREQ _0x2040005
0002b3 1479      	CP   R7,R9
0002b4 f048      	BRLO _0x2040004
                 _0x2040005:
0002b5 e0e0      	LDI  R30,LOW(0)
0002b6 93ea      	ST   -Y,R30
0002b7 9463      	INC  R6
0002b8 2da6      	MOV  R26,R6
0002b9 dfdc      	RCALL _lcd_gotoxy
0002ba 81a8      	LD   R26,Y
0002bb 30aa      	CPI  R26,LOW(0xA)
0002bc f409      	BRNE _0x2040007
0002bd c042      	RJMP _0x20C0001
                 _0x2040007:
                 _0x2040004:
0002be 9473      	INC  R7
0002bf 9ac0      	SBI  0x18,0
0002c0 81a8      	LD   R26,Y
0002c1 dfc8      	RCALL __lcd_write_data
0002c2 98c0      	CBI  0x18,0
0002c3 c03c      	RJMP _0x20C0001
                 ; .FEND
                 _lcd_puts:
                 ; .FSTART _lcd_puts
0002c4 93ba      	ST   -Y,R27
0002c5 93aa      	ST   -Y,R26
0002c6 931a      	ST   -Y,R17
                 _0x2040008:
0002c7 81a9      	LDD  R26,Y+1
0002c8 81ba      	LDD  R27,Y+1+1
0002c9 91ed      	LD   R30,X+
0002ca 83a9      	STD  Y+1,R26
0002cb 83ba      	STD  Y+1+1,R27
0002cc 2f1e      	MOV  R17,R30
0002cd 30e0      	CPI  R30,0
0002ce f019      	BREQ _0x204000A
0002cf 2fa1      	MOV  R26,R17
0002d0 dfde      	RCALL _lcd_putchar
0002d1 cff5      	RJMP _0x2040008
                 _0x204000A:
0002d2 8118      	LDD  R17,Y+0
0002d3 9623      	ADIW R28,3
0002d4 9508      	RET
                 ; .FEND
                 _lcd_init:
                 ; .FSTART _lcd_init
0002d5 93aa      	ST   -Y,R26
0002d6 b3e7      	IN   R30,0x17
0002d7 6fe0      	ORI  R30,LOW(0xF0)
0002d8 bbe7      	OUT  0x17,R30
0002d9 9aba      	SBI  0x17,2
0002da 9ab8      	SBI  0x17,0
0002db 9ab9      	SBI  0x17,1
0002dc 98c2      	CBI  0x18,2
0002dd 98c0      	CBI  0x18,0
0002de 98c1      	CBI  0x18,1
0002df 8098      	LDD  R9,Y+0
0002e0 81e8      	LD   R30,Y
0002e1 58e0      	SUBI R30,-LOW(128)
                +
0002e2 93e0 0175+STS __base_y_G102 + ( 2 ) , R30
                 	__PUTB1MN __base_y_G102,2
0002e4 81e8      	LD   R30,Y
0002e5 54e0      	SUBI R30,-LOW(192)
                +
0002e6 93e0 0176+STS __base_y_G102 + ( 3 ) , R30
                 	__PUTB1MN __base_y_G102,3
0002e8 e1a4      	LDI  R26,LOW(20)
0002e9 e0b0      	LDI  R27,0
0002ea 940e 0354 	CALL _delay_ms
0002ec 940e 034d 	CALL SUBOPT_0x7
0002ee 940e 034d 	CALL SUBOPT_0x7
0002f0 940e 034d 	CALL SUBOPT_0x7
0002f2 e2a0      	LDI  R26,LOW(32)
0002f3 df82      	RCALL __lcd_write_nibble_G102
                +
0002f4 e181     +LDI R24 , LOW ( 17 )
                +__DELAY_USB_LOOP :
0002f5 958a     +DEC R24
0002f6 f7f1     +BRNE __DELAY_USB_LOOP
                 	__DELAY_USB 17
0002f7 e2a8      	LDI  R26,LOW(40)
0002f8 df91      	RCALL __lcd_write_data
0002f9 e0a4      	LDI  R26,LOW(4)
0002fa df8f      	RCALL __lcd_write_data
0002fb e8a5      	LDI  R26,LOW(133)
0002fc df8d      	RCALL __lcd_write_data
0002fd e0a6      	LDI  R26,LOW(6)
0002fe df8b      	RCALL __lcd_write_data
0002ff dfa3      	RCALL _lcd_clear
                 _0x20C0001:
000300 9621      	ADIW R28,1
000301 9508      	RET
                 ; .FEND
                 
                 	.CSEG
                 
                 	.CSEG
                 
                 	.CSEG
                 _strlen:
                 ; .FSTART _strlen
000302 93ba      	ST   -Y,R27
000303 93aa      	ST   -Y,R26
000304 91a9          ld   r26,y+
000305 91b9          ld   r27,y+
000306 27ee          clr  r30
000307 27ff          clr  r31
                 strlen0:
000308 916d          ld   r22,x+
000309 2366          tst  r22
00030a f011          breq strlen1
00030b 9631          adiw r30,1
00030c cffb          rjmp strlen0
                 strlen1:
00030d 9508          ret
                 ; .FEND
                 _strlenf:
                 ; .FSTART _strlenf
00030e 93ba      	ST   -Y,R27
00030f 93aa      	ST   -Y,R26
000310 27aa          clr  r26
000311 27bb          clr  r27
000312 91e9          ld   r30,y+
000313 91f9          ld   r31,y+
                 strlenf0:
000314 9005      	lpm  r0,z+
000315 2000          tst  r0
000316 f011          breq strlenf1
000317 9611          adiw r26,1
000318 cffb          rjmp strlenf0
                 strlenf1:
000319 01fd          movw r30,r26
00031a 9508          ret
                 ; .FEND
                 
                 	.DSEG
                 _s:
000160           	.BYTE 0xF
                 __seed_G100:
00016f           	.BYTE 0x4
                 __base_y_G102:
000173           	.BYTE 0x4
                 
                 	.CSEG
                 ;OPTIMIZER ADDED SUBROUTINE, CALLED 5 TIMES, CODE SIZE REDUCTION:13 WORDS
                 SUBOPT_0x0:
00031b 932a      	ST   -Y,R18
00031c 85ad      	LDD  R26,Y+13
00031d 85be      	LDD  R27,Y+13+1
00031e 85ef      	LDD  R30,Y+15
00031f 89f8      	LDD  R31,Y+15+1
000320 9509      	ICALL
000321 9508      	RET
                 
                 ;OPTIMIZER ADDED SUBROUTINE, CALLED 5 TIMES, CODE SIZE REDUCTION:9 WORDS
                 SUBOPT_0x1:
000322 89e8      	LDD  R30,Y+16
000323 89f9      	LDD  R31,Y+16+1
000324 9734      	SBIW R30,4
000325 8be8      	STD  Y+16,R30
000326 8bf9      	STD  Y+16+1,R31
000327 9508      	RET
                 
                 ;OPTIMIZER ADDED SUBROUTINE, CALLED 3 TIMES, CODE SIZE REDUCTION:3 WORDS
                 SUBOPT_0x2:
000328 85ad      	LDD  R26,Y+13
000329 85be      	LDD  R27,Y+13+1
00032a 85ef      	LDD  R30,Y+15
00032b 89f8      	LDD  R31,Y+15+1
00032c 9509      	ICALL
00032d 9508      	RET
                 
                 ;OPTIMIZER ADDED SUBROUTINE, CALLED 2 TIMES, CODE SIZE REDUCTION:4 WORDS
                 SUBOPT_0x3:
00032e 89a8      	LDD  R26,Y+16
00032f 89b9      	LDD  R27,Y+16+1
000330 9614      	ADIW R26,4
000331 940e 036a 	CALL __GETW1P
000333 83ee      	STD  Y+6,R30
000334 83ff      	STD  Y+6+1,R31
000335 81ae      	LDD  R26,Y+6
000336 81bf      	LDD  R27,Y+6+1
000337 9508      	RET
                 
                 ;OPTIMIZER ADDED SUBROUTINE, CALLED 2 TIMES, CODE SIZE REDUCTION:2 WORDS
                 SUBOPT_0x4:
000338 89a8      	LDD  R26,Y+16
000339 89b9      	LDD  R27,Y+16+1
00033a 9614      	ADIW R26,4
00033b 940e 036a 	CALL __GETW1P
00033d 87ea      	STD  Y+10,R30
00033e 87fb      	STD  Y+10+1,R31
00033f 9508      	RET
                 
                 ;OPTIMIZER ADDED SUBROUTINE, CALLED 2 TIMES, CODE SIZE REDUCTION:1 WORDS
                 SUBOPT_0x5:
000340 01de      	MOVW R26,R28
000341 961c      	ADIW R26,12
000342 940e 035d 	CALL __ADDW2R15
000344 940e 036a 	CALL __GETW1P
000346 9508      	RET
                 
                 ;OPTIMIZER ADDED SUBROUTINE, CALLED 2 TIMES, CODE SIZE REDUCTION:1 WORDS
                 SUBOPT_0x6:
000347 940e 028a 	CALL __lcd_write_data
000349 e0a3      	LDI  R26,LOW(3)
00034a e0b0      	LDI  R27,0
00034b 940c 0354 	JMP  _delay_ms
                 
                 ;OPTIMIZER ADDED SUBROUTINE, CALLED 3 TIMES, CODE SIZE REDUCTION:5 WORDS
                 SUBOPT_0x7:
00034d e3a0      	LDI  R26,LOW(48)
00034e 940e 0276 	CALL __lcd_write_nibble_G102
                +
000350 e181     +LDI R24 , LOW ( 17 )
                +__DELAY_USB_LOOP :
000351 958a     +DEC R24
000352 f7f1     +BRNE __DELAY_USB_LOOP
                 	__DELAY_USB 17
000353 9508      	RET
                 
                 
                 	.CSEG
                 _delay_ms:
000354 9610      	adiw r26,0
000355 f031      	breq __delay_ms1
                 __delay_ms0:
                +
000356 ea87     +LDI R24 , LOW ( 0xA7 )
                +__DELAY_USB_LOOP :
000357 958a     +DEC R24
000358 f7f1     +BRNE __DELAY_USB_LOOP
                 	__DELAY_USB 0xA7
000359 95a8      	wdr
00035a 9711      	sbiw r26,1
00035b f7d1      	brne __delay_ms0
                 __delay_ms1:
00035c 9508      	ret
                 
                 __ADDW2R15:
00035d 2400      	CLR  R0
00035e 0daf      	ADD  R26,R15
00035f 1db0      	ADC  R27,R0
000360 9508      	RET
                 
                 __ANEGW1:
000361 95f1      	NEG  R31
000362 95e1      	NEG  R30
000363 40f0      	SBCI R31,0
000364 9508      	RET
                 
                 __LSRW2:
000365 95f6      	LSR  R31
000366 95e7      	ROR  R30
000367 95f6      	LSR  R31
000368 95e7      	ROR  R30
000369 9508      	RET
                 
                 __GETW1P:
00036a 91ed      	LD   R30,X+
00036b 91fc      	LD   R31,X
00036c 9711      	SBIW R26,1
00036d 9508      	RET
                 
                 __GETW1PF:
00036e 9005      	LPM  R0,Z+
00036f 91f4      	LPM  R31,Z
000370 2de0      	MOV  R30,R0
000371 9508      	RET
                 
                 __PUTPARD1:
000372 937a      	ST   -Y,R23
000373 936a      	ST   -Y,R22
000374 93fa      	ST   -Y,R31
000375 93ea      	ST   -Y,R30
000376 9508      	RET
                 
                 __SAVELOCR6:
000377 935a      	ST   -Y,R21
                 __SAVELOCR5:
000378 934a      	ST   -Y,R20
                 __SAVELOCR4:
000379 933a      	ST   -Y,R19
                 __SAVELOCR3:
00037a 932a      	ST   -Y,R18
                 __SAVELOCR2:
00037b 931a      	ST   -Y,R17
00037c 930a      	ST   -Y,R16
00037d 9508      	RET
                 
                 __LOADLOCR6:
00037e 815d      	LDD  R21,Y+5
                 __LOADLOCR5:
00037f 814c      	LDD  R20,Y+4
                 __LOADLOCR4:
000380 813b      	LDD  R19,Y+3
                 __LOADLOCR3:
000381 812a      	LDD  R18,Y+2
                 __LOADLOCR2:
000382 8119      	LDD  R17,Y+1
000383 8108      	LD   R16,Y
000384 9508      	RET
                 
                 ;END OF CODE MARKER
                 __END_OF_CODE:


RESOURCE USE INFORMATION
------------------------

Notice:
The register and instruction counts are symbol table hit counts,
and hence implicitly used resources are not counted, eg, the
'lpm' instruction without operands implicitly uses r0 and z,
none of which are counted.

x,y,z are separate entities in the symbol table and are
counted separately from r26..r31 here.

.dseg memory usage only counts static data declared with .byte

ATmega16 register use summary:
r0 :  11 r1 :   1 r2 :   0 r3 :   0 r4 :   2 r5 :   0 r6 :   4 r7 :   4 
r8 :   0 r9 :   2 r10:   0 r11:   0 r12:   0 r13:   0 r14:   0 r15:   4 
r16:  34 r17:  24 r18:  29 r19:   8 r20:   9 r21:  17 r22:   6 r23:   2 
r24:  25 r25:   2 r26:  99 r27:  37 r28:  14 r29:   1 r30: 194 r31:  60 
x  :  23 y  : 168 z  :  15 
Registers used: 26 out of 35 (74.3%)

ATmega16 instruction use summary:
.lds  :   0 .lds.l:   0 .sts  :   0 .sts.l:   0 adc   :   1 add   :   3 
adiw  :  24 and   :   0 andi  :   6 asr   :   0 bclr  :   0 bld   :   0 
brbc  :   0 brbs  :   0 brcc  :   0 brcs  :   0 break :   0 breq  :  17 
brge  :   0 brhc  :   0 brhs  :   0 brid  :   0 brie  :   0 brlo  :   8 
brlt  :   0 brmi  :   1 brne  :  31 brpl  :   1 brsh  :   2 brtc  :   0 
brts  :   0 brvc  :   0 brvs  :   0 bset  :   0 bst   :   0 call  :  52 
cbi   :   5 cbr   :   0 clc   :   0 clh   :   0 cli   :   1 cln   :   0 
clr   :   9 cls   :   0 clt   :   0 clv   :   0 clz   :   0 com   :   0 
cp    :   4 cpc   :   2 cpi   :  33 cpse  :   0 dec   :   9 des   :   0 
eor   :   0 fmul  :   0 fmuls :   0 fmulsu:   0 icall :   2 ijmp  :   0 
in    :   4 inc   :   2 jmp   :  24 ld    :  26 ldd   :  77 ldi   :  89 
lds   :   0 lpm   :  14 lsl   :   0 lsr   :   2 mov   :  17 movw  :  16 
mul   :   1 muls  :   0 mulsu :   0 neg   :   2 nop   :   0 or    :   1 
ori   :   8 out   :  44 pop   :   1 push  :   1 rcall :  15 ret   :  25 
reti  :   0 rjmp  :  60 rol   :   0 ror   :   2 sbc   :   1 sbci  :   2 
sbi   :   7 sbic  :   0 sbis  :   1 sbiw  :  16 sbr   :   0 sbrc  :   2 
sbrs  :  10 sec   :   0 seh   :   0 sei   :   0 sen   :   0 ser   :   0 
ses   :   0 set   :   0 sev   :   0 sez   :   0 sleep :   0 spm   :   0 
st    :  60 std   :  31 sts   :   2 sub   :   1 subi  :  16 swap  :   1 
tst   :   4 wdr   :   1 
Instructions used: 55 out of 116 (47.4%)

ATmega16 memory use summary [bytes]:
Segment   Begin    End      Code   Data   Used    Size   Use%
---------------------------------------------------------------
[.cseg] 0x000000 0x00070a   1746     56   1802   16384  11.0%
[.dseg] 0x000060 0x000177      0     23     23    1024   2.2%
[.eseg] 0x000000 0x000000      0      0      0     512   0.0%

Assembly complete, 0 errors, 8 warnings
